2025-07-16T21:43:49.867+0700 INFO  com.gtel.product.ProductApplication - [] - []- [] - [] - Starting ProductApplication using Java 21.0.6 with PID 12944 (E:\MICROSERVICE TUTORIAL\product\target\classes started by Vuanh in E:\MICROSERVICE TUTORIAL\product)
2025-07-16T21:43:49.869+0700 INFO  com.gtel.product.ProductApplication - [] - []- [] - [] - No active profile set, falling back to 1 default profile: "default"
2025-07-16T21:43:50.614+0700 INFO  o.s.d.r.c.RepositoryConfigurationDelegate - [] - []- [] - [] - Multiple Spring Data modules found, entering strict repository configuration mode
2025-07-16T21:43:50.615+0700 INFO  o.s.d.r.c.RepositoryConfigurationDelegate - [] - []- [] - [] - Bootstrapping Spring Data Redis repositories in DEFAULT mode.
2025-07-16T21:43:50.638+0700 INFO  o.s.d.r.c.RepositoryConfigurationDelegate - [] - []- [] - [] - Finished Spring Data repository scanning in 5 ms. Found 0 Redis repository interfaces.
2025-07-16T21:43:51.081+0700 INFO  o.s.d.r.c.RepositoryConfigurationDelegate - [] - []- [] - [] - Multiple Spring Data modules found, entering strict repository configuration mode
2025-07-16T21:43:51.082+0700 INFO  o.s.d.r.c.RepositoryConfigurationDelegate - [] - []- [] - [] - Bootstrapping Spring Data JPA repositories in DEFAULT mode.
2025-07-16T21:43:51.094+0700 INFO  o.s.d.r.c.RepositoryConfigurationDelegate - [] - []- [] - [] - Finished Spring Data repository scanning in 8 ms. Found 0 JPA repository interfaces.
2025-07-16T21:43:51.102+0700 INFO  o.s.d.r.c.RepositoryConfigurationDelegate - [] - []- [] - [] - Multiple Spring Data modules found, entering strict repository configuration mode
2025-07-16T21:43:51.102+0700 INFO  o.s.d.r.c.RepositoryConfigurationDelegate - [] - []- [] - [] - Bootstrapping Spring Data Redis repositories in DEFAULT mode.
2025-07-16T21:43:51.107+0700 INFO  o.s.d.r.c.RepositoryConfigurationDelegate - [] - []- [] - [] - Finished Spring Data repository scanning in 3 ms. Found 0 Redis repository interfaces.
2025-07-16T21:43:51.930+0700 INFO  o.s.b.w.e.tomcat.TomcatWebServer - [] - []- [] - [] - Tomcat initialized with port 8081 (http)
2025-07-16T21:43:51.941+0700 INFO  o.a.coyote.http11.Http11NioProtocol - [] - []- [] - [] - Initializing ProtocolHandler ["http-nio-8081"]
2025-07-16T21:43:51.943+0700 INFO  o.a.catalina.core.StandardService - [] - []- [] - [] - Starting service [Tomcat]
2025-07-16T21:43:51.943+0700 INFO  o.a.catalina.core.StandardEngine - [] - []- [] - [] - Starting Servlet engine: [Apache Tomcat/10.1.42]
2025-07-16T21:43:52.004+0700 INFO  o.a.c.c.C.[Tomcat].[localhost].[/] - [] - []- [] - [] - Initializing Spring embedded WebApplicationContext
2025-07-16T21:43:52.004+0700 INFO  o.s.b.w.s.c.ServletWebServerApplicationContext - [] - []- [] - [] - Root WebApplicationContext: initialization completed in 2090 ms
2025-07-16T21:43:52.426+0700 INFO  com.zaxxer.hikari.HikariDataSource - [] - []- [] - [] - HikariPool-1 - Starting...
2025-07-16T21:43:52.797+0700 INFO  com.zaxxer.hikari.pool.HikariPool - [] - []- [] - [] - HikariPool-1 - Added connection org.postgresql.jdbc.PgConnection@6963b0bd
2025-07-16T21:43:52.798+0700 INFO  com.zaxxer.hikari.HikariDataSource - [] - []- [] - [] - HikariPool-1 - Start completed.
2025-07-16T21:43:52.839+0700 INFO  o.h.jpa.internal.util.LogHelper - [] - []- [] - [] - HHH000204: Processing PersistenceUnitInfo [name: default]
2025-07-16T21:43:52.904+0700 INFO  org.hibernate.Version - [] - []- [] - [] - HHH000412: Hibernate ORM core version 6.6.18.Final
2025-07-16T21:43:52.943+0700 INFO  o.h.c.i.RegionFactoryInitiator - [] - []- [] - [] - HHH000026: Second-level cache disabled
2025-07-16T21:43:53.299+0700 INFO  o.s.o.j.p.SpringPersistenceUnitInfo - [] - []- [] - [] - No LoadTimeWeaver setup: ignoring JPA class transformer
2025-07-16T21:43:53.415+0700 INFO  o.hibernate.orm.connections.pooling - [] - []- [] - [] - HHH10001005: Database info:
	Database JDBC URL [Connecting through datasource 'HikariDataSource (HikariPool-1)']
	Database driver: undefined/unknown
	Database version: 15.13
	Autocommit mode: undefined/unknown
	Isolation level: undefined/unknown
	Minimum pool size: undefined/unknown
	Maximum pool size: undefined/unknown
2025-07-16T21:43:53.826+0700 INFO  o.h.e.t.j.p.i.JtaPlatformInitiator - [] - []- [] - [] - HHH000489: No JTA platform available (set 'hibernate.transaction.jta.platform' to enable JTA platform integration)
2025-07-16T21:43:53.831+0700 INFO  o.s.o.j.LocalContainerEntityManagerFactoryBean - [] - []- [] - [] - Initialized JPA EntityManagerFactory for persistence unit 'default'
2025-07-16T21:43:54.113+0700 INFO  org.redisson.Version - [] - []- [] - [] - Redisson 3.27.2
2025-07-16T21:43:54.471+0700 INFO  o.r.connection.ConnectionsHolder - [] - []- [] - [] - 1 connections initialized for 192.168.5.71/192.168.5.71:6379
2025-07-16T21:43:54.558+0700 INFO  o.r.connection.ConnectionsHolder - [] - []- [] - [] - 24 connections initialized for 192.168.5.71/192.168.5.71:6379
2025-07-16T21:43:54.801+0700 WARN  o.s.b.a.o.j.JpaBaseConfiguration$JpaWebConfiguration - [] - []- [] - [] - spring.jpa.open-in-view is enabled by default. Therefore, database queries may be performed during view rendering. Explicitly configure spring.jpa.open-in-view to disable this warning
2025-07-16T21:43:55.183+0700 INFO  o.s.b.a.e.web.EndpointLinksResolver - [] - []- [] - [] - Exposing 1 endpoint beneath base path '/actuator'
2025-07-16T21:43:55.940+0700 INFO  o.s.w.s.a.s.AnnotationActionEndpointMapping - [] - []- [] - [] - Supporting [WS-Addressing August 2004, WS-Addressing 1.0]
2025-07-16T21:43:56.029+0700 INFO  o.a.coyote.http11.Http11NioProtocol - [] - []- [] - [] - Starting ProtocolHandler ["http-nio-8081"]
2025-07-16T21:43:56.039+0700 INFO  o.s.b.w.e.tomcat.TomcatWebServer - [] - []- [] - [] - Tomcat started on port 8081 (http) with context path '/'
2025-07-16T21:43:56.054+0700 INFO  com.gtel.product.ProductApplication - [] - []- [] - [] - ==================================================
2025-07-16T21:43:56.054+0700 INFO  com.gtel.product.ProductApplication - [] - []- [] - [] - |               GTEL Application                  |
2025-07-16T21:43:56.054+0700 INFO  com.gtel.product.ProductApplication - [] - []- [] - [] - |               Develop by Gtel Team              |
2025-07-16T21:43:56.054+0700 INFO  com.gtel.product.ProductApplication - [] - []- [] - [] - ==================================================
2025-07-16T21:43:56.054+0700 INFO  com.gtel.product.ProductApplication - [] - []- [] - [] - Started ProductApplication in 6.852 seconds (process running for 8.398)
2025-07-16T21:43:56.279+0700 INFO  o.a.c.c.C.[Tomcat].[localhost].[/] - [] - []- [] - [] - Initializing Spring DispatcherServlet 'dispatcherServlet'
2025-07-16T21:43:56.279+0700 INFO  o.s.web.servlet.DispatcherServlet - [] - []- [] - [] - Initializing Servlet 'dispatcherServlet'
2025-07-16T21:43:56.284+0700 INFO  o.s.web.servlet.DispatcherServlet - [] - []- [] - [] - Completed initialization in 5 ms
2025-07-16T21:44:24.464+0700 INFO  o.s.b.w.e.tomcat.GracefulShutdown - [] - []- [] - [] - Commencing graceful shutdown. Waiting for active requests to complete
2025-07-16T21:44:24.479+0700 INFO  o.s.b.w.e.tomcat.GracefulShutdown - [] - []- [] - [] - Graceful shutdown complete
2025-07-16T21:44:24.524+0700 INFO  o.s.o.j.LocalContainerEntityManagerFactoryBean - [] - []- [] - [] - Closing JPA EntityManagerFactory for persistence unit 'default'
2025-07-16T21:44:24.527+0700 INFO  com.zaxxer.hikari.HikariDataSource - [] - []- [] - [] - HikariPool-1 - Shutdown initiated...
2025-07-16T21:44:24.539+0700 INFO  com.zaxxer.hikari.HikariDataSource - [] - []- [] - [] - HikariPool-1 - Shutdown completed.
2025-07-16T21:44:29.087+0700 INFO  com.gtel.product.ProductApplication - [] - []- [] - [] - Starting ProductApplication using Java 21.0.6 with PID 18236 (E:\MICROSERVICE TUTORIAL\product\target\classes started by Vuanh in E:\MICROSERVICE TUTORIAL\product)
2025-07-16T21:44:29.090+0700 INFO  com.gtel.product.ProductApplication - [] - []- [] - [] - No active profile set, falling back to 1 default profile: "default"
2025-07-16T21:44:29.943+0700 INFO  o.s.d.r.c.RepositoryConfigurationDelegate - [] - []- [] - [] - Multiple Spring Data modules found, entering strict repository configuration mode
2025-07-16T21:44:29.944+0700 INFO  o.s.d.r.c.RepositoryConfigurationDelegate - [] - []- [] - [] - Bootstrapping Spring Data Redis repositories in DEFAULT mode.
2025-07-16T21:44:29.972+0700 INFO  o.s.d.r.c.RepositoryConfigurationDelegate - [] - []- [] - [] - Finished Spring Data repository scanning in 9 ms. Found 0 Redis repository interfaces.
2025-07-16T21:44:30.516+0700 INFO  o.s.d.r.c.RepositoryConfigurationDelegate - [] - []- [] - [] - Multiple Spring Data modules found, entering strict repository configuration mode
2025-07-16T21:44:30.519+0700 INFO  o.s.d.r.c.RepositoryConfigurationDelegate - [] - []- [] - [] - Bootstrapping Spring Data JPA repositories in DEFAULT mode.
2025-07-16T21:44:30.535+0700 INFO  o.s.d.r.c.RepositoryConfigurationDelegate - [] - []- [] - [] - Finished Spring Data repository scanning in 10 ms. Found 0 JPA repository interfaces.
2025-07-16T21:44:30.541+0700 INFO  o.s.d.r.c.RepositoryConfigurationDelegate - [] - []- [] - [] - Multiple Spring Data modules found, entering strict repository configuration mode
2025-07-16T21:44:30.541+0700 INFO  o.s.d.r.c.RepositoryConfigurationDelegate - [] - []- [] - [] - Bootstrapping Spring Data Redis repositories in DEFAULT mode.
2025-07-16T21:44:30.544+0700 INFO  o.s.d.r.c.RepositoryConfigurationDelegate - [] - []- [] - [] - Finished Spring Data repository scanning in 2 ms. Found 0 Redis repository interfaces.
2025-07-16T21:44:31.406+0700 INFO  o.s.b.w.e.tomcat.TomcatWebServer - [] - []- [] - [] - Tomcat initialized with port 8081 (http)
2025-07-16T21:44:31.418+0700 INFO  o.a.coyote.http11.Http11NioProtocol - [] - []- [] - [] - Initializing ProtocolHandler ["http-nio-8081"]
2025-07-16T21:44:31.420+0700 INFO  o.a.catalina.core.StandardService - [] - []- [] - [] - Starting service [Tomcat]
2025-07-16T21:44:31.420+0700 INFO  o.a.catalina.core.StandardEngine - [] - []- [] - [] - Starting Servlet engine: [Apache Tomcat/10.1.42]
2025-07-16T21:44:31.489+0700 INFO  o.a.c.c.C.[Tomcat].[localhost].[/] - [] - []- [] - [] - Initializing Spring embedded WebApplicationContext
2025-07-16T21:44:31.490+0700 INFO  o.s.b.w.s.c.ServletWebServerApplicationContext - [] - []- [] - [] - Root WebApplicationContext: initialization completed in 2348 ms
2025-07-16T21:44:31.940+0700 INFO  com.zaxxer.hikari.HikariDataSource - [] - []- [] - [] - HikariPool-1 - Starting...
2025-07-16T21:44:32.305+0700 INFO  com.zaxxer.hikari.pool.HikariPool - [] - []- [] - [] - HikariPool-1 - Added connection org.postgresql.jdbc.PgConnection@2b561f51
2025-07-16T21:44:32.307+0700 INFO  com.zaxxer.hikari.HikariDataSource - [] - []- [] - [] - HikariPool-1 - Start completed.
2025-07-16T21:44:32.347+0700 INFO  o.h.jpa.internal.util.LogHelper - [] - []- [] - [] - HHH000204: Processing PersistenceUnitInfo [name: default]
2025-07-16T21:44:32.408+0700 INFO  org.hibernate.Version - [] - []- [] - [] - HHH000412: Hibernate ORM core version 6.6.18.Final
2025-07-16T21:44:32.452+0700 INFO  o.h.c.i.RegionFactoryInitiator - [] - []- [] - [] - HHH000026: Second-level cache disabled
2025-07-16T21:44:32.828+0700 INFO  o.s.o.j.p.SpringPersistenceUnitInfo - [] - []- [] - [] - No LoadTimeWeaver setup: ignoring JPA class transformer
2025-07-16T21:44:32.983+0700 INFO  o.hibernate.orm.connections.pooling - [] - []- [] - [] - HHH10001005: Database info:
	Database JDBC URL [Connecting through datasource 'HikariDataSource (HikariPool-1)']
	Database driver: undefined/unknown
	Database version: 15.13
	Autocommit mode: undefined/unknown
	Isolation level: undefined/unknown
	Minimum pool size: undefined/unknown
	Maximum pool size: undefined/unknown
2025-07-16T21:44:33.557+0700 INFO  o.h.e.t.j.p.i.JtaPlatformInitiator - [] - []- [] - [] - HHH000489: No JTA platform available (set 'hibernate.transaction.jta.platform' to enable JTA platform integration)
2025-07-16T21:44:33.564+0700 INFO  o.s.o.j.LocalContainerEntityManagerFactoryBean - [] - []- [] - [] - Initialized JPA EntityManagerFactory for persistence unit 'default'
2025-07-16T21:44:33.987+0700 INFO  org.redisson.Version - [] - []- [] - [] - Redisson 3.27.2
2025-07-16T21:44:34.462+0700 INFO  o.r.connection.ConnectionsHolder - [] - []- [] - [] - 1 connections initialized for 192.168.5.71/192.168.5.71:6379
2025-07-16T21:44:34.570+0700 INFO  o.r.connection.ConnectionsHolder - [] - []- [] - [] - 24 connections initialized for 192.168.5.71/192.168.5.71:6379
2025-07-16T21:44:34.824+0700 WARN  o.s.b.a.o.j.JpaBaseConfiguration$JpaWebConfiguration - [] - []- [] - [] - spring.jpa.open-in-view is enabled by default. Therefore, database queries may be performed during view rendering. Explicitly configure spring.jpa.open-in-view to disable this warning
2025-07-16T21:44:35.228+0700 INFO  o.s.b.a.e.web.EndpointLinksResolver - [] - []- [] - [] - Exposing 1 endpoint beneath base path '/actuator'
2025-07-16T21:44:35.912+0700 INFO  o.s.w.s.a.s.AnnotationActionEndpointMapping - [] - []- [] - [] - Supporting [WS-Addressing August 2004, WS-Addressing 1.0]
2025-07-16T21:44:35.995+0700 INFO  o.a.coyote.http11.Http11NioProtocol - [] - []- [] - [] - Starting ProtocolHandler ["http-nio-8081"]
2025-07-16T21:44:36.005+0700 INFO  o.s.b.w.e.tomcat.TomcatWebServer - [] - []- [] - [] - Tomcat started on port 8081 (http) with context path '/'
2025-07-16T21:44:36.019+0700 INFO  com.gtel.product.ProductApplication - [] - []- [] - [] - ==================================================
2025-07-16T21:44:36.019+0700 INFO  com.gtel.product.ProductApplication - [] - []- [] - [] - |               GTEL Application                  |
2025-07-16T21:44:36.019+0700 INFO  com.gtel.product.ProductApplication - [] - []- [] - [] - |               Develop by Gtel Team              |
2025-07-16T21:44:36.019+0700 INFO  com.gtel.product.ProductApplication - [] - []- [] - [] - ==================================================
2025-07-16T21:44:36.019+0700 INFO  com.gtel.product.ProductApplication - [] - []- [] - [] - Started ProductApplication in 7.64 seconds (process running for 8.808)
2025-07-16T21:44:36.318+0700 INFO  o.a.c.c.C.[Tomcat].[localhost].[/] - [] - []- [] - [] - Initializing Spring DispatcherServlet 'dispatcherServlet'
2025-07-16T21:44:36.319+0700 INFO  o.s.web.servlet.DispatcherServlet - [] - []- [] - [] - Initializing Servlet 'dispatcherServlet'
2025-07-16T21:44:36.320+0700 INFO  o.s.web.servlet.DispatcherServlet - [] - []- [] - [] - Completed initialization in 0 ms
2025-07-16T21:45:54.399+0700 INFO  o.s.b.w.e.tomcat.GracefulShutdown - [] - []- [] - [] - Commencing graceful shutdown. Waiting for active requests to complete
2025-07-16T21:45:54.423+0700 INFO  o.s.b.w.e.tomcat.GracefulShutdown - [] - []- [] - [] - Graceful shutdown complete
2025-07-16T21:45:54.458+0700 INFO  o.s.o.j.LocalContainerEntityManagerFactoryBean - [] - []- [] - [] - Closing JPA EntityManagerFactory for persistence unit 'default'
2025-07-16T21:45:54.462+0700 INFO  com.zaxxer.hikari.HikariDataSource - [] - []- [] - [] - HikariPool-1 - Shutdown initiated...
2025-07-16T21:45:54.476+0700 INFO  com.zaxxer.hikari.HikariDataSource - [] - []- [] - [] - HikariPool-1 - Shutdown completed.
2025-07-16T21:46:59.228+0700 INFO  com.gtel.product.ProductApplication - [] - []- [] - [] - Starting ProductApplication using Java 21.0.6 with PID 47780 (E:\MICROSERVICE TUTORIAL\product\target\classes started by Vuanh in E:\MICROSERVICE TUTORIAL\product)
2025-07-16T21:46:59.229+0700 INFO  com.gtel.product.ProductApplication - [] - []- [] - [] - No active profile set, falling back to 1 default profile: "default"
2025-07-16T21:47:00.246+0700 INFO  o.s.d.r.c.RepositoryConfigurationDelegate - [] - []- [] - [] - Multiple Spring Data modules found, entering strict repository configuration mode
2025-07-16T21:47:00.246+0700 INFO  o.s.d.r.c.RepositoryConfigurationDelegate - [] - []- [] - [] - Bootstrapping Spring Data Redis repositories in DEFAULT mode.
2025-07-16T21:47:00.268+0700 INFO  o.s.d.r.c.RepositoryConfigurationDelegate - [] - []- [] - [] - Finished Spring Data repository scanning in 5 ms. Found 0 Redis repository interfaces.
2025-07-16T21:47:00.803+0700 INFO  o.s.d.r.c.RepositoryConfigurationDelegate - [] - []- [] - [] - Multiple Spring Data modules found, entering strict repository configuration mode
2025-07-16T21:47:00.804+0700 INFO  o.s.d.r.c.RepositoryConfigurationDelegate - [] - []- [] - [] - Bootstrapping Spring Data JPA repositories in DEFAULT mode.
2025-07-16T21:47:00.820+0700 INFO  o.s.d.r.c.RepositoryConfigurationDelegate - [] - []- [] - [] - Finished Spring Data repository scanning in 11 ms. Found 0 JPA repository interfaces.
2025-07-16T21:47:00.829+0700 INFO  o.s.d.r.c.RepositoryConfigurationDelegate - [] - []- [] - [] - Multiple Spring Data modules found, entering strict repository configuration mode
2025-07-16T21:47:00.829+0700 INFO  o.s.d.r.c.RepositoryConfigurationDelegate - [] - []- [] - [] - Bootstrapping Spring Data Redis repositories in DEFAULT mode.
2025-07-16T21:47:00.833+0700 INFO  o.s.d.r.c.RepositoryConfigurationDelegate - [] - []- [] - [] - Finished Spring Data repository scanning in 2 ms. Found 0 Redis repository interfaces.
2025-07-16T21:47:01.157+0700 INFO  o.s.cloud.context.scope.GenericScope - [] - []- [] - [] - BeanFactory id=1a22c03e-cab4-35c8-a8fb-3a86dfd3a3dd
2025-07-16T21:47:01.740+0700 INFO  o.s.b.w.e.tomcat.TomcatWebServer - [] - []- [] - [] - Tomcat initialized with port 8081 (http)
2025-07-16T21:47:01.752+0700 INFO  o.a.coyote.http11.Http11NioProtocol - [] - []- [] - [] - Initializing ProtocolHandler ["http-nio-8081"]
2025-07-16T21:47:01.753+0700 INFO  o.a.catalina.core.StandardService - [] - []- [] - [] - Starting service [Tomcat]
2025-07-16T21:47:01.753+0700 INFO  o.a.catalina.core.StandardEngine - [] - []- [] - [] - Starting Servlet engine: [Apache Tomcat/10.1.42]
2025-07-16T21:47:01.824+0700 INFO  o.a.c.c.C.[Tomcat].[localhost].[/] - [] - []- [] - [] - Initializing Spring embedded WebApplicationContext
2025-07-16T21:47:01.824+0700 INFO  o.s.b.w.s.c.ServletWebServerApplicationContext - [] - []- [] - [] - Root WebApplicationContext: initialization completed in 2546 ms
2025-07-16T21:47:02.287+0700 INFO  com.zaxxer.hikari.HikariDataSource - [] - []- [] - [] - HikariPool-1 - Starting...
2025-07-16T21:47:02.562+0700 INFO  com.zaxxer.hikari.pool.HikariPool - [] - []- [] - [] - HikariPool-1 - Added connection org.postgresql.jdbc.PgConnection@630e5010
2025-07-16T21:47:02.563+0700 INFO  com.zaxxer.hikari.HikariDataSource - [] - []- [] - [] - HikariPool-1 - Start completed.
2025-07-16T21:47:02.607+0700 INFO  o.h.jpa.internal.util.LogHelper - [] - []- [] - [] - HHH000204: Processing PersistenceUnitInfo [name: default]
2025-07-16T21:47:02.657+0700 INFO  org.hibernate.Version - [] - []- [] - [] - HHH000412: Hibernate ORM core version 6.6.18.Final
2025-07-16T21:47:02.691+0700 INFO  o.h.c.i.RegionFactoryInitiator - [] - []- [] - [] - HHH000026: Second-level cache disabled
2025-07-16T21:47:03.076+0700 INFO  o.s.o.j.p.SpringPersistenceUnitInfo - [] - []- [] - [] - No LoadTimeWeaver setup: ignoring JPA class transformer
2025-07-16T21:47:03.173+0700 INFO  o.hibernate.orm.connections.pooling - [] - []- [] - [] - HHH10001005: Database info:
	Database JDBC URL [Connecting through datasource 'HikariDataSource (HikariPool-1)']
	Database driver: undefined/unknown
	Database version: 15.13
	Autocommit mode: undefined/unknown
	Isolation level: undefined/unknown
	Minimum pool size: undefined/unknown
	Maximum pool size: undefined/unknown
2025-07-16T21:47:03.545+0700 INFO  o.h.e.t.j.p.i.JtaPlatformInitiator - [] - []- [] - [] - HHH000489: No JTA platform available (set 'hibernate.transaction.jta.platform' to enable JTA platform integration)
2025-07-16T21:47:03.550+0700 INFO  o.s.o.j.LocalContainerEntityManagerFactoryBean - [] - []- [] - [] - Initialized JPA EntityManagerFactory for persistence unit 'default'
2025-07-16T21:47:03.858+0700 INFO  org.redisson.Version - [] - []- [] - [] - Redisson 3.27.2
2025-07-16T21:47:04.173+0700 INFO  o.r.connection.ConnectionsHolder - [] - []- [] - [] - 1 connections initialized for 192.168.5.71/192.168.5.71:6379
2025-07-16T21:47:04.265+0700 INFO  o.r.connection.ConnectionsHolder - [] - []- [] - [] - 24 connections initialized for 192.168.5.71/192.168.5.71:6379
2025-07-16T21:47:04.505+0700 WARN  o.s.b.a.o.j.JpaBaseConfiguration$JpaWebConfiguration - [] - []- [] - [] - spring.jpa.open-in-view is enabled by default. Therefore, database queries may be performed during view rendering. Explicitly configure spring.jpa.open-in-view to disable this warning
2025-07-16T21:47:05.802+0700 INFO  o.s.cloud.commons.util.InetUtils - [] - []- [] - [] - Cannot determine local hostname
2025-07-16T21:47:05.952+0700 INFO  o.s.b.a.e.web.EndpointLinksResolver - [] - []- [] - [] - Exposing 1 endpoint beneath base path '/actuator'
2025-07-16T21:47:06.726+0700 INFO  o.s.w.s.a.s.AnnotationActionEndpointMapping - [] - []- [] - [] - Supporting [WS-Addressing August 2004, WS-Addressing 1.0]
2025-07-16T21:47:07.762+0700 INFO  o.s.cloud.commons.util.InetUtils - [] - []- [] - [] - Cannot determine local hostname
2025-07-16T21:47:07.799+0700 INFO  o.s.c.n.e.c.DiscoveryClientOptionalArgsConfiguration - [] - []- [] - [] - Eureka HTTP Client uses RestTemplate.
2025-07-16T21:47:07.838+0700 WARN  o.s.c.l.c.LoadBalancerCacheAutoConfiguration$LoadBalancerCaffeineWarnLogger - [] - []- [] - [] - Spring Cloud LoadBalancer is currently working with the default cache. While this cache implementation is useful for development and tests, it's recommended to use Caffeine cache in production.You can switch to using Caffeine cache, by adding it and org.springframework.cache.caffeine.CaffeineCacheManager to the classpath.
2025-07-16T21:47:07.935+0700 INFO  o.s.c.n.eureka.InstanceInfoFactory - [] - []- [] - [] - Setting initial instance status as: STARTING
2025-07-16T21:47:07.961+0700 INFO  c.netflix.discovery.DiscoveryClient - [] - []- [] - [] - Initializing Eureka in region us-east-1
2025-07-16T21:47:07.965+0700 INFO  c.n.d.s.r.aws.ConfigClusterResolver - [] - []- [] - [] - Resolving eureka endpoints via configuration
2025-07-16T21:47:07.974+0700 INFO  c.netflix.discovery.DiscoveryClient - [] - []- [] - [] - Disable delta property : false
2025-07-16T21:47:07.974+0700 INFO  c.netflix.discovery.DiscoveryClient - [] - []- [] - [] - Single vip registry refresh property : null
2025-07-16T21:47:07.974+0700 INFO  c.netflix.discovery.DiscoveryClient - [] - []- [] - [] - Force full registry fetch : false
2025-07-16T21:47:07.974+0700 INFO  c.netflix.discovery.DiscoveryClient - [] - []- [] - [] - Application is null : false
2025-07-16T21:47:07.974+0700 INFO  c.netflix.discovery.DiscoveryClient - [] - []- [] - [] - Registered Applications size is zero : true
2025-07-16T21:47:07.974+0700 INFO  c.netflix.discovery.DiscoveryClient - [] - []- [] - [] - Application version is -1: true
2025-07-16T21:47:07.974+0700 INFO  c.netflix.discovery.DiscoveryClient - [] - []- [] - [] - Getting all instance registry info from the eureka server
2025-07-16T21:47:08.438+0700 INFO  c.netflix.discovery.DiscoveryClient - [] - []- [] - [] - The response status is 200
2025-07-16T21:47:08.439+0700 INFO  c.netflix.discovery.DiscoveryClient - [] - []- [] - [] - Starting heartbeat executor: renew interval is: 30
2025-07-16T21:47:08.440+0700 INFO  c.n.discovery.InstanceInfoReplicator - [] - []- [] - [] - InstanceInfoReplicator onDemand update allowed rate per min is 4
2025-07-16T21:47:08.442+0700 INFO  c.netflix.discovery.DiscoveryClient - [] - []- [] - [] - Discovery Client initialized at timestamp 1752677228440 with initial instances count: 0
2025-07-16T21:47:08.446+0700 INFO  o.s.c.n.e.s.EurekaServiceRegistry - [] - []- [] - [] - Registering application PRODUCT-SV with eureka with status UP
2025-07-16T21:47:08.447+0700 INFO  c.netflix.discovery.DiscoveryClient - [] - []- [] - [] - Saw local status change event StatusChangeEvent [timestamp=1752677228447, current=UP, previous=STARTING]
2025-07-16T21:47:08.449+0700 INFO  c.netflix.discovery.DiscoveryClient - [] - []- [] - [] - DiscoveryClient_PRODUCT-SV/localhost:product-sv:8081: registering service...
2025-07-16T21:47:08.449+0700 INFO  o.a.coyote.http11.Http11NioProtocol - [] - []- [] - [] - Starting ProtocolHandler ["http-nio-8081"]
2025-07-16T21:47:08.460+0700 INFO  o.s.b.w.e.tomcat.TomcatWebServer - [] - []- [] - [] - Tomcat started on port 8081 (http) with context path '/'
2025-07-16T21:47:08.460+0700 INFO  o.s.c.n.e.s.EurekaAutoServiceRegistration - [] - []- [] - [] - Updating port to 8081
2025-07-16T21:47:08.726+0700 INFO  c.netflix.discovery.DiscoveryClient - [] - []- [] - [] - DiscoveryClient_PRODUCT-SV/localhost:product-sv:8081 - registration status: 204
2025-07-16T21:47:09.472+0700 INFO  o.s.cloud.commons.util.InetUtils - [] - []- [] - [] - Cannot determine local hostname
2025-07-16T21:47:09.487+0700 INFO  com.gtel.product.ProductApplication - [] - []- [] - [] - ==================================================
2025-07-16T21:47:09.487+0700 INFO  com.gtel.product.ProductApplication - [] - []- [] - [] - |               GTEL Application                  |
2025-07-16T21:47:09.487+0700 INFO  com.gtel.product.ProductApplication - [] - []- [] - [] - |               Develop by Gtel Team              |
2025-07-16T21:47:09.487+0700 INFO  com.gtel.product.ProductApplication - [] - []- [] - [] - ==================================================
2025-07-16T21:47:09.488+0700 INFO  com.gtel.product.ProductApplication - [] - []- [] - [] - Started ProductApplication in 12.008 seconds (process running for 13.661)
2025-07-16T21:47:09.641+0700 INFO  o.a.c.c.C.[Tomcat].[localhost].[/] - [] - []- [] - [] - Initializing Spring DispatcherServlet 'dispatcherServlet'
2025-07-16T21:47:09.641+0700 INFO  o.s.web.servlet.DispatcherServlet - [] - []- [] - [] - Initializing Servlet 'dispatcherServlet'
2025-07-16T21:47:09.643+0700 INFO  o.s.web.servlet.DispatcherServlet - [] - []- [] - [] - Completed initialization in 2 ms
2025-07-16T21:47:38.446+0700 INFO  c.netflix.discovery.DiscoveryClient - [] - []- [] - [] - Disable delta property : false
2025-07-16T21:47:38.446+0700 INFO  c.netflix.discovery.DiscoveryClient - [] - []- [] - [] - Single vip registry refresh property : null
2025-07-16T21:47:38.447+0700 INFO  c.netflix.discovery.DiscoveryClient - [] - []- [] - [] - Force full registry fetch : false
2025-07-16T21:47:38.447+0700 INFO  c.netflix.discovery.DiscoveryClient - [] - []- [] - [] - Application is null : false
2025-07-16T21:47:38.447+0700 INFO  c.netflix.discovery.DiscoveryClient - [] - []- [] - [] - Registered Applications size is zero : true
2025-07-16T21:47:38.447+0700 INFO  c.netflix.discovery.DiscoveryClient - [] - []- [] - [] - Application version is -1: false
2025-07-16T21:47:38.447+0700 INFO  c.netflix.discovery.DiscoveryClient - [] - []- [] - [] - Getting all instance registry info from the eureka server
2025-07-16T21:47:38.747+0700 INFO  c.netflix.discovery.DiscoveryClient - [] - []- [] - [] - The response status is 200
2025-07-16T21:47:38.827+0700 INFO  c.netflix.discovery.DiscoveryClient - [] - []- [] - [] - DiscoveryClient_PRODUCT-SV/localhost:product-sv:8081 - Re-registering apps/PRODUCT-SV
2025-07-16T21:47:38.827+0700 INFO  c.netflix.discovery.DiscoveryClient - [] - []- [] - [] - DiscoveryClient_PRODUCT-SV/localhost:product-sv:8081: registering service...
2025-07-16T21:47:38.934+0700 INFO  c.netflix.discovery.DiscoveryClient - [] - []- [] - [] - DiscoveryClient_PRODUCT-SV/localhost:product-sv:8081 - registration status: 204
2025-07-16T21:48:08.761+0700 INFO  c.netflix.discovery.DiscoveryClient - [] - []- [] - [] - Disable delta property : false
2025-07-16T21:48:08.761+0700 INFO  c.netflix.discovery.DiscoveryClient - [] - []- [] - [] - Single vip registry refresh property : null
2025-07-16T21:48:08.761+0700 INFO  c.netflix.discovery.DiscoveryClient - [] - []- [] - [] - Force full registry fetch : false
2025-07-16T21:48:08.761+0700 INFO  c.netflix.discovery.DiscoveryClient - [] - []- [] - [] - Application is null : false
2025-07-16T21:48:08.761+0700 INFO  c.netflix.discovery.DiscoveryClient - [] - []- [] - [] - Registered Applications size is zero : true
2025-07-16T21:48:08.761+0700 INFO  c.netflix.discovery.DiscoveryClient - [] - []- [] - [] - Application version is -1: false
2025-07-16T21:48:08.761+0700 INFO  c.netflix.discovery.DiscoveryClient - [] - []- [] - [] - Getting all instance registry info from the eureka server
2025-07-16T21:48:08.788+0700 INFO  c.netflix.discovery.DiscoveryClient - [] - []- [] - [] - The response status is 200
2025-07-16T21:48:12.242+0700 INFO  o.s.c.n.e.s.EurekaServiceRegistry - [] - []- [] - [] - Unregistering application PRODUCT-SV with eureka with status DOWN
2025-07-16T21:48:12.242+0700 INFO  c.netflix.discovery.DiscoveryClient - [] - []- [] - [] - Saw local status change event StatusChangeEvent [timestamp=1752677292242, current=DOWN, previous=UP]
2025-07-16T21:48:12.242+0700 INFO  c.netflix.discovery.DiscoveryClient - [] - []- [] - [] - DiscoveryClient_PRODUCT-SV/localhost:product-sv:8081: registering service...
2025-07-16T21:48:12.244+0700 INFO  o.s.b.w.e.tomcat.GracefulShutdown - [] - []- [] - [] - Commencing graceful shutdown. Waiting for active requests to complete
2025-07-16T21:48:12.257+0700 INFO  o.s.b.w.e.tomcat.GracefulShutdown - [] - []- [] - [] - Graceful shutdown complete
2025-07-16T21:48:12.271+0700 INFO  c.netflix.discovery.DiscoveryClient - [] - []- [] - [] - DiscoveryClient_PRODUCT-SV/localhost:product-sv:8081 - registration status: 204
2025-07-16T21:48:12.294+0700 INFO  o.s.o.j.LocalContainerEntityManagerFactoryBean - [] - []- [] - [] - Closing JPA EntityManagerFactory for persistence unit 'default'
2025-07-16T21:48:12.296+0700 INFO  com.zaxxer.hikari.HikariDataSource - [] - []- [] - [] - HikariPool-1 - Shutdown initiated...
2025-07-16T21:48:12.311+0700 INFO  com.zaxxer.hikari.HikariDataSource - [] - []- [] - [] - HikariPool-1 - Shutdown completed.
2025-07-16T21:48:12.312+0700 INFO  c.netflix.discovery.DiscoveryClient - [] - []- [] - [] - Shutting down DiscoveryClient ...
