2025-07-16T21:43:49.867+0700 INFO  com.gtel.order.ProductApplication - [] - []- [] - [] - Starting ProductApplication using Java 21.0.6 with PID 12944 (E:\MICROSERVICE TUTORIAL\product\target\classes started by Vuanh in E:\MICROSERVICE TUTORIAL\product)
2025-07-16T21:43:49.869+0700 INFO  com.gtel.order.ProductApplication - [] - []- [] - [] - No active profile set, falling back to 1 default profile: "default"
2025-07-16T21:43:50.614+0700 INFO  o.s.d.r.c.RepositoryConfigurationDelegate - [] - []- [] - [] - Multiple Spring Data modules found, entering strict repository configuration mode
2025-07-16T21:43:50.615+0700 INFO  o.s.d.r.c.RepositoryConfigurationDelegate - [] - []- [] - [] - Bootstrapping Spring Data Redis repositories in DEFAULT mode.
2025-07-16T21:43:50.638+0700 INFO  o.s.d.r.c.RepositoryConfigurationDelegate - [] - []- [] - [] - Finished Spring Data repository scanning in 5 ms. Found 0 Redis repository interfaces.
2025-07-16T21:43:51.081+0700 INFO  o.s.d.r.c.RepositoryConfigurationDelegate - [] - []- [] - [] - Multiple Spring Data modules found, entering strict repository configuration mode
2025-07-16T21:43:51.082+0700 INFO  o.s.d.r.c.RepositoryConfigurationDelegate - [] - []- [] - [] - Bootstrapping Spring Data JPA repositories in DEFAULT mode.
2025-07-16T21:43:51.094+0700 INFO  o.s.d.r.c.RepositoryConfigurationDelegate - [] - []- [] - [] - Finished Spring Data repository scanning in 8 ms. Found 0 JPA repository interfaces.
2025-07-16T21:43:51.102+0700 INFO  o.s.d.r.c.RepositoryConfigurationDelegate - [] - []- [] - [] - Multiple Spring Data modules found, entering strict repository configuration mode
2025-07-16T21:43:51.102+0700 INFO  o.s.d.r.c.RepositoryConfigurationDelegate - [] - []- [] - [] - Bootstrapping Spring Data Redis repositories in DEFAULT mode.
2025-07-16T21:43:51.107+0700 INFO  o.s.d.r.c.RepositoryConfigurationDelegate - [] - []- [] - [] - Finished Spring Data repository scanning in 3 ms. Found 0 Redis repository interfaces.
2025-07-16T21:43:51.930+0700 INFO  o.s.b.w.e.tomcat.TomcatWebServer - [] - []- [] - [] - Tomcat initialized with port 8081 (http)
2025-07-16T21:43:51.941+0700 INFO  o.a.coyote.http11.Http11NioProtocol - [] - []- [] - [] - Initializing ProtocolHandler ["http-nio-8081"]
2025-07-16T21:43:51.943+0700 INFO  o.a.catalina.core.StandardService - [] - []- [] - [] - Starting service [Tomcat]
2025-07-16T21:43:51.943+0700 INFO  o.a.catalina.core.StandardEngine - [] - []- [] - [] - Starting Servlet engine: [Apache Tomcat/10.1.42]
2025-07-16T21:43:52.004+0700 INFO  o.a.c.c.C.[Tomcat].[localhost].[/] - [] - []- [] - [] - Initializing Spring embedded WebApplicationContext
2025-07-16T21:43:52.004+0700 INFO  o.s.b.w.s.c.ServletWebServerApplicationContext - [] - []- [] - [] - Root WebApplicationContext: initialization completed in 2090 ms
2025-07-16T21:43:52.426+0700 INFO  com.zaxxer.hikari.HikariDataSource - [] - []- [] - [] - HikariPool-1 - Starting...
2025-07-16T21:43:52.797+0700 INFO  com.zaxxer.hikari.pool.HikariPool - [] - []- [] - [] - HikariPool-1 - Added connection org.postgresql.jdbc.PgConnection@6963b0bd
2025-07-16T21:43:52.798+0700 INFO  com.zaxxer.hikari.HikariDataSource - [] - []- [] - [] - HikariPool-1 - Start completed.
2025-07-16T21:43:52.839+0700 INFO  o.h.jpa.internal.util.LogHelper - [] - []- [] - [] - HHH000204: Processing PersistenceUnitInfo [name: default]
2025-07-16T21:43:52.904+0700 INFO  org.hibernate.Version - [] - []- [] - [] - HHH000412: Hibernate ORM core version 6.6.18.Final
2025-07-16T21:43:52.943+0700 INFO  o.h.c.i.RegionFactoryInitiator - [] - []- [] - [] - HHH000026: Second-level cache disabled
2025-07-16T21:43:53.299+0700 INFO  o.s.o.j.p.SpringPersistenceUnitInfo - [] - []- [] - [] - No LoadTimeWeaver setup: ignoring JPA class transformer
2025-07-16T21:43:53.415+0700 INFO  o.hibernate.orm.connections.pooling - [] - []- [] - [] - HHH10001005: Database info:
	Database JDBC URL [Connecting through datasource 'HikariDataSource (HikariPool-1)']
	Database driver: undefined/unknown
	Database version: 15.13
	Autocommit mode: undefined/unknown
	Isolation level: undefined/unknown
	Minimum pool size: undefined/unknown
	Maximum pool size: undefined/unknown
2025-07-16T21:43:53.826+0700 INFO  o.h.e.t.j.p.i.JtaPlatformInitiator - [] - []- [] - [] - HHH000489: No JTA platform available (set 'hibernate.transaction.jta.platform' to enable JTA platform integration)
2025-07-16T21:43:53.831+0700 INFO  o.s.o.j.LocalContainerEntityManagerFactoryBean - [] - []- [] - [] - Initialized JPA EntityManagerFactory for persistence unit 'default'
2025-07-16T21:43:54.113+0700 INFO  org.redisson.Version - [] - []- [] - [] - Redisson 3.27.2
2025-07-16T21:43:54.471+0700 INFO  o.r.connection.ConnectionsHolder - [] - []- [] - [] - 1 connections initialized for 192.168.5.71/192.168.5.71:6379
2025-07-16T21:43:54.558+0700 INFO  o.r.connection.ConnectionsHolder - [] - []- [] - [] - 24 connections initialized for 192.168.5.71/192.168.5.71:6379
2025-07-16T21:43:54.801+0700 WARN  o.s.b.a.o.j.JpaBaseConfiguration$JpaWebConfiguration - [] - []- [] - [] - spring.jpa.open-in-view is enabled by default. Therefore, database queries may be performed during view rendering. Explicitly configure spring.jpa.open-in-view to disable this warning
2025-07-16T21:43:55.183+0700 INFO  o.s.b.a.e.web.EndpointLinksResolver - [] - []- [] - [] - Exposing 1 endpoint beneath base path '/actuator'
2025-07-16T21:43:55.940+0700 INFO  o.s.w.s.a.s.AnnotationActionEndpointMapping - [] - []- [] - [] - Supporting [WS-Addressing August 2004, WS-Addressing 1.0]
2025-07-16T21:43:56.029+0700 INFO  o.a.coyote.http11.Http11NioProtocol - [] - []- [] - [] - Starting ProtocolHandler ["http-nio-8081"]
2025-07-16T21:43:56.039+0700 INFO  o.s.b.w.e.tomcat.TomcatWebServer - [] - []- [] - [] - Tomcat started on port 8081 (http) with context path '/'
2025-07-16T21:43:56.054+0700 INFO  com.gtel.order.ProductApplication - [] - []- [] - [] - ==================================================
2025-07-16T21:43:56.054+0700 INFO  com.gtel.order.ProductApplication - [] - []- [] - [] - |               GTEL Application                  |
2025-07-16T21:43:56.054+0700 INFO  com.gtel.order.ProductApplication - [] - []- [] - [] - |               Develop by Gtel Team              |
2025-07-16T21:43:56.054+0700 INFO  com.gtel.order.ProductApplication - [] - []- [] - [] - ==================================================
2025-07-16T21:43:56.054+0700 INFO  com.gtel.order.ProductApplication - [] - []- [] - [] - Started ProductApplication in 6.852 seconds (process running for 8.398)
2025-07-16T21:43:56.279+0700 INFO  o.a.c.c.C.[Tomcat].[localhost].[/] - [] - []- [] - [] - Initializing Spring DispatcherServlet 'dispatcherServlet'
2025-07-16T21:43:56.279+0700 INFO  o.s.web.servlet.DispatcherServlet - [] - []- [] - [] - Initializing Servlet 'dispatcherServlet'
2025-07-16T21:43:56.284+0700 INFO  o.s.web.servlet.DispatcherServlet - [] - []- [] - [] - Completed initialization in 5 ms
2025-07-16T21:44:24.464+0700 INFO  o.s.b.w.e.tomcat.GracefulShutdown - [] - []- [] - [] - Commencing graceful shutdown. Waiting for active requests to complete
2025-07-16T21:44:24.479+0700 INFO  o.s.b.w.e.tomcat.GracefulShutdown - [] - []- [] - [] - Graceful shutdown complete
2025-07-16T21:44:24.524+0700 INFO  o.s.o.j.LocalContainerEntityManagerFactoryBean - [] - []- [] - [] - Closing JPA EntityManagerFactory for persistence unit 'default'
2025-07-16T21:44:24.527+0700 INFO  com.zaxxer.hikari.HikariDataSource - [] - []- [] - [] - HikariPool-1 - Shutdown initiated...
2025-07-16T21:44:24.539+0700 INFO  com.zaxxer.hikari.HikariDataSource - [] - []- [] - [] - HikariPool-1 - Shutdown completed.
2025-07-16T21:44:29.087+0700 INFO  com.gtel.order.ProductApplication - [] - []- [] - [] - Starting ProductApplication using Java 21.0.6 with PID 18236 (E:\MICROSERVICE TUTORIAL\product\target\classes started by Vuanh in E:\MICROSERVICE TUTORIAL\product)
2025-07-16T21:44:29.090+0700 INFO  com.gtel.order.ProductApplication - [] - []- [] - [] - No active profile set, falling back to 1 default profile: "default"
2025-07-16T21:44:29.943+0700 INFO  o.s.d.r.c.RepositoryConfigurationDelegate - [] - []- [] - [] - Multiple Spring Data modules found, entering strict repository configuration mode
2025-07-16T21:44:29.944+0700 INFO  o.s.d.r.c.RepositoryConfigurationDelegate - [] - []- [] - [] - Bootstrapping Spring Data Redis repositories in DEFAULT mode.
2025-07-16T21:44:29.972+0700 INFO  o.s.d.r.c.RepositoryConfigurationDelegate - [] - []- [] - [] - Finished Spring Data repository scanning in 9 ms. Found 0 Redis repository interfaces.
2025-07-16T21:44:30.516+0700 INFO  o.s.d.r.c.RepositoryConfigurationDelegate - [] - []- [] - [] - Multiple Spring Data modules found, entering strict repository configuration mode
2025-07-16T21:44:30.519+0700 INFO  o.s.d.r.c.RepositoryConfigurationDelegate - [] - []- [] - [] - Bootstrapping Spring Data JPA repositories in DEFAULT mode.
2025-07-16T21:44:30.535+0700 INFO  o.s.d.r.c.RepositoryConfigurationDelegate - [] - []- [] - [] - Finished Spring Data repository scanning in 10 ms. Found 0 JPA repository interfaces.
2025-07-16T21:44:30.541+0700 INFO  o.s.d.r.c.RepositoryConfigurationDelegate - [] - []- [] - [] - Multiple Spring Data modules found, entering strict repository configuration mode
2025-07-16T21:44:30.541+0700 INFO  o.s.d.r.c.RepositoryConfigurationDelegate - [] - []- [] - [] - Bootstrapping Spring Data Redis repositories in DEFAULT mode.
2025-07-16T21:44:30.544+0700 INFO  o.s.d.r.c.RepositoryConfigurationDelegate - [] - []- [] - [] - Finished Spring Data repository scanning in 2 ms. Found 0 Redis repository interfaces.
2025-07-16T21:44:31.406+0700 INFO  o.s.b.w.e.tomcat.TomcatWebServer - [] - []- [] - [] - Tomcat initialized with port 8081 (http)
2025-07-16T21:44:31.418+0700 INFO  o.a.coyote.http11.Http11NioProtocol - [] - []- [] - [] - Initializing ProtocolHandler ["http-nio-8081"]
2025-07-16T21:44:31.420+0700 INFO  o.a.catalina.core.StandardService - [] - []- [] - [] - Starting service [Tomcat]
2025-07-16T21:44:31.420+0700 INFO  o.a.catalina.core.StandardEngine - [] - []- [] - [] - Starting Servlet engine: [Apache Tomcat/10.1.42]
2025-07-16T21:44:31.489+0700 INFO  o.a.c.c.C.[Tomcat].[localhost].[/] - [] - []- [] - [] - Initializing Spring embedded WebApplicationContext
2025-07-16T21:44:31.490+0700 INFO  o.s.b.w.s.c.ServletWebServerApplicationContext - [] - []- [] - [] - Root WebApplicationContext: initialization completed in 2348 ms
2025-07-16T21:44:31.940+0700 INFO  com.zaxxer.hikari.HikariDataSource - [] - []- [] - [] - HikariPool-1 - Starting...
2025-07-16T21:44:32.305+0700 INFO  com.zaxxer.hikari.pool.HikariPool - [] - []- [] - [] - HikariPool-1 - Added connection org.postgresql.jdbc.PgConnection@2b561f51
2025-07-16T21:44:32.307+0700 INFO  com.zaxxer.hikari.HikariDataSource - [] - []- [] - [] - HikariPool-1 - Start completed.
2025-07-16T21:44:32.347+0700 INFO  o.h.jpa.internal.util.LogHelper - [] - []- [] - [] - HHH000204: Processing PersistenceUnitInfo [name: default]
2025-07-16T21:44:32.408+0700 INFO  org.hibernate.Version - [] - []- [] - [] - HHH000412: Hibernate ORM core version 6.6.18.Final
2025-07-16T21:44:32.452+0700 INFO  o.h.c.i.RegionFactoryInitiator - [] - []- [] - [] - HHH000026: Second-level cache disabled
2025-07-16T21:44:32.828+0700 INFO  o.s.o.j.p.SpringPersistenceUnitInfo - [] - []- [] - [] - No LoadTimeWeaver setup: ignoring JPA class transformer
2025-07-16T21:44:32.983+0700 INFO  o.hibernate.orm.connections.pooling - [] - []- [] - [] - HHH10001005: Database info:
	Database JDBC URL [Connecting through datasource 'HikariDataSource (HikariPool-1)']
	Database driver: undefined/unknown
	Database version: 15.13
	Autocommit mode: undefined/unknown
	Isolation level: undefined/unknown
	Minimum pool size: undefined/unknown
	Maximum pool size: undefined/unknown
2025-07-16T21:44:33.557+0700 INFO  o.h.e.t.j.p.i.JtaPlatformInitiator - [] - []- [] - [] - HHH000489: No JTA platform available (set 'hibernate.transaction.jta.platform' to enable JTA platform integration)
2025-07-16T21:44:33.564+0700 INFO  o.s.o.j.LocalContainerEntityManagerFactoryBean - [] - []- [] - [] - Initialized JPA EntityManagerFactory for persistence unit 'default'
2025-07-16T21:44:33.987+0700 INFO  org.redisson.Version - [] - []- [] - [] - Redisson 3.27.2
2025-07-16T21:44:34.462+0700 INFO  o.r.connection.ConnectionsHolder - [] - []- [] - [] - 1 connections initialized for 192.168.5.71/192.168.5.71:6379
2025-07-16T21:44:34.570+0700 INFO  o.r.connection.ConnectionsHolder - [] - []- [] - [] - 24 connections initialized for 192.168.5.71/192.168.5.71:6379
2025-07-16T21:44:34.824+0700 WARN  o.s.b.a.o.j.JpaBaseConfiguration$JpaWebConfiguration - [] - []- [] - [] - spring.jpa.open-in-view is enabled by default. Therefore, database queries may be performed during view rendering. Explicitly configure spring.jpa.open-in-view to disable this warning
2025-07-16T21:44:35.228+0700 INFO  o.s.b.a.e.web.EndpointLinksResolver - [] - []- [] - [] - Exposing 1 endpoint beneath base path '/actuator'
2025-07-16T21:44:35.912+0700 INFO  o.s.w.s.a.s.AnnotationActionEndpointMapping - [] - []- [] - [] - Supporting [WS-Addressing August 2004, WS-Addressing 1.0]
2025-07-16T21:44:35.995+0700 INFO  o.a.coyote.http11.Http11NioProtocol - [] - []- [] - [] - Starting ProtocolHandler ["http-nio-8081"]
2025-07-16T21:44:36.005+0700 INFO  o.s.b.w.e.tomcat.TomcatWebServer - [] - []- [] - [] - Tomcat started on port 8081 (http) with context path '/'
2025-07-16T21:44:36.019+0700 INFO  com.gtel.order.ProductApplication - [] - []- [] - [] - ==================================================
2025-07-16T21:44:36.019+0700 INFO  com.gtel.order.ProductApplication - [] - []- [] - [] - |               GTEL Application                  |
2025-07-16T21:44:36.019+0700 INFO  com.gtel.order.ProductApplication - [] - []- [] - [] - |               Develop by Gtel Team              |
2025-07-16T21:44:36.019+0700 INFO  com.gtel.order.ProductApplication - [] - []- [] - [] - ==================================================
2025-07-16T21:44:36.019+0700 INFO  com.gtel.order.ProductApplication - [] - []- [] - [] - Started ProductApplication in 7.64 seconds (process running for 8.808)
2025-07-16T21:44:36.318+0700 INFO  o.a.c.c.C.[Tomcat].[localhost].[/] - [] - []- [] - [] - Initializing Spring DispatcherServlet 'dispatcherServlet'
2025-07-16T21:44:36.319+0700 INFO  o.s.web.servlet.DispatcherServlet - [] - []- [] - [] - Initializing Servlet 'dispatcherServlet'
2025-07-16T21:44:36.320+0700 INFO  o.s.web.servlet.DispatcherServlet - [] - []- [] - [] - Completed initialization in 0 ms
2025-07-16T21:45:54.399+0700 INFO  o.s.b.w.e.tomcat.GracefulShutdown - [] - []- [] - [] - Commencing graceful shutdown. Waiting for active requests to complete
2025-07-16T21:45:54.423+0700 INFO  o.s.b.w.e.tomcat.GracefulShutdown - [] - []- [] - [] - Graceful shutdown complete
2025-07-16T21:45:54.458+0700 INFO  o.s.o.j.LocalContainerEntityManagerFactoryBean - [] - []- [] - [] - Closing JPA EntityManagerFactory for persistence unit 'default'
2025-07-16T21:45:54.462+0700 INFO  com.zaxxer.hikari.HikariDataSource - [] - []- [] - [] - HikariPool-1 - Shutdown initiated...
2025-07-16T21:45:54.476+0700 INFO  com.zaxxer.hikari.HikariDataSource - [] - []- [] - [] - HikariPool-1 - Shutdown completed.
2025-07-16T21:46:59.228+0700 INFO  com.gtel.order.ProductApplication - [] - []- [] - [] - Starting ProductApplication using Java 21.0.6 with PID 47780 (E:\MICROSERVICE TUTORIAL\product\target\classes started by Vuanh in E:\MICROSERVICE TUTORIAL\product)
2025-07-16T21:46:59.229+0700 INFO  com.gtel.order.ProductApplication - [] - []- [] - [] - No active profile set, falling back to 1 default profile: "default"
2025-07-16T21:47:00.246+0700 INFO  o.s.d.r.c.RepositoryConfigurationDelegate - [] - []- [] - [] - Multiple Spring Data modules found, entering strict repository configuration mode
2025-07-16T21:47:00.246+0700 INFO  o.s.d.r.c.RepositoryConfigurationDelegate - [] - []- [] - [] - Bootstrapping Spring Data Redis repositories in DEFAULT mode.
2025-07-16T21:47:00.268+0700 INFO  o.s.d.r.c.RepositoryConfigurationDelegate - [] - []- [] - [] - Finished Spring Data repository scanning in 5 ms. Found 0 Redis repository interfaces.
2025-07-16T21:47:00.803+0700 INFO  o.s.d.r.c.RepositoryConfigurationDelegate - [] - []- [] - [] - Multiple Spring Data modules found, entering strict repository configuration mode
2025-07-16T21:47:00.804+0700 INFO  o.s.d.r.c.RepositoryConfigurationDelegate - [] - []- [] - [] - Bootstrapping Spring Data JPA repositories in DEFAULT mode.
2025-07-16T21:47:00.820+0700 INFO  o.s.d.r.c.RepositoryConfigurationDelegate - [] - []- [] - [] - Finished Spring Data repository scanning in 11 ms. Found 0 JPA repository interfaces.
2025-07-16T21:47:00.829+0700 INFO  o.s.d.r.c.RepositoryConfigurationDelegate - [] - []- [] - [] - Multiple Spring Data modules found, entering strict repository configuration mode
2025-07-16T21:47:00.829+0700 INFO  o.s.d.r.c.RepositoryConfigurationDelegate - [] - []- [] - [] - Bootstrapping Spring Data Redis repositories in DEFAULT mode.
2025-07-16T21:47:00.833+0700 INFO  o.s.d.r.c.RepositoryConfigurationDelegate - [] - []- [] - [] - Finished Spring Data repository scanning in 2 ms. Found 0 Redis repository interfaces.
2025-07-16T21:47:01.157+0700 INFO  o.s.cloud.context.scope.GenericScope - [] - []- [] - [] - BeanFactory id=1a22c03e-cab4-35c8-a8fb-3a86dfd3a3dd
2025-07-16T21:47:01.740+0700 INFO  o.s.b.w.e.tomcat.TomcatWebServer - [] - []- [] - [] - Tomcat initialized with port 8081 (http)
2025-07-16T21:47:01.752+0700 INFO  o.a.coyote.http11.Http11NioProtocol - [] - []- [] - [] - Initializing ProtocolHandler ["http-nio-8081"]
2025-07-16T21:47:01.753+0700 INFO  o.a.catalina.core.StandardService - [] - []- [] - [] - Starting service [Tomcat]
2025-07-16T21:47:01.753+0700 INFO  o.a.catalina.core.StandardEngine - [] - []- [] - [] - Starting Servlet engine: [Apache Tomcat/10.1.42]
2025-07-16T21:47:01.824+0700 INFO  o.a.c.c.C.[Tomcat].[localhost].[/] - [] - []- [] - [] - Initializing Spring embedded WebApplicationContext
2025-07-16T21:47:01.824+0700 INFO  o.s.b.w.s.c.ServletWebServerApplicationContext - [] - []- [] - [] - Root WebApplicationContext: initialization completed in 2546 ms
2025-07-16T21:47:02.287+0700 INFO  com.zaxxer.hikari.HikariDataSource - [] - []- [] - [] - HikariPool-1 - Starting...
2025-07-16T21:47:02.562+0700 INFO  com.zaxxer.hikari.pool.HikariPool - [] - []- [] - [] - HikariPool-1 - Added connection org.postgresql.jdbc.PgConnection@630e5010
2025-07-16T21:47:02.563+0700 INFO  com.zaxxer.hikari.HikariDataSource - [] - []- [] - [] - HikariPool-1 - Start completed.
2025-07-16T21:47:02.607+0700 INFO  o.h.jpa.internal.util.LogHelper - [] - []- [] - [] - HHH000204: Processing PersistenceUnitInfo [name: default]
2025-07-16T21:47:02.657+0700 INFO  org.hibernate.Version - [] - []- [] - [] - HHH000412: Hibernate ORM core version 6.6.18.Final
2025-07-16T21:47:02.691+0700 INFO  o.h.c.i.RegionFactoryInitiator - [] - []- [] - [] - HHH000026: Second-level cache disabled
2025-07-16T21:47:03.076+0700 INFO  o.s.o.j.p.SpringPersistenceUnitInfo - [] - []- [] - [] - No LoadTimeWeaver setup: ignoring JPA class transformer
2025-07-16T21:47:03.173+0700 INFO  o.hibernate.orm.connections.pooling - [] - []- [] - [] - HHH10001005: Database info:
	Database JDBC URL [Connecting through datasource 'HikariDataSource (HikariPool-1)']
	Database driver: undefined/unknown
	Database version: 15.13
	Autocommit mode: undefined/unknown
	Isolation level: undefined/unknown
	Minimum pool size: undefined/unknown
	Maximum pool size: undefined/unknown
2025-07-16T21:47:03.545+0700 INFO  o.h.e.t.j.p.i.JtaPlatformInitiator - [] - []- [] - [] - HHH000489: No JTA platform available (set 'hibernate.transaction.jta.platform' to enable JTA platform integration)
2025-07-16T21:47:03.550+0700 INFO  o.s.o.j.LocalContainerEntityManagerFactoryBean - [] - []- [] - [] - Initialized JPA EntityManagerFactory for persistence unit 'default'
2025-07-16T21:47:03.858+0700 INFO  org.redisson.Version - [] - []- [] - [] - Redisson 3.27.2
2025-07-16T21:47:04.173+0700 INFO  o.r.connection.ConnectionsHolder - [] - []- [] - [] - 1 connections initialized for 192.168.5.71/192.168.5.71:6379
2025-07-16T21:47:04.265+0700 INFO  o.r.connection.ConnectionsHolder - [] - []- [] - [] - 24 connections initialized for 192.168.5.71/192.168.5.71:6379
2025-07-16T21:47:04.505+0700 WARN  o.s.b.a.o.j.JpaBaseConfiguration$JpaWebConfiguration - [] - []- [] - [] - spring.jpa.open-in-view is enabled by default. Therefore, database queries may be performed during view rendering. Explicitly configure spring.jpa.open-in-view to disable this warning
2025-07-16T21:47:05.802+0700 INFO  o.s.cloud.commons.util.InetUtils - [] - []- [] - [] - Cannot determine local hostname
2025-07-16T21:47:05.952+0700 INFO  o.s.b.a.e.web.EndpointLinksResolver - [] - []- [] - [] - Exposing 1 endpoint beneath base path '/actuator'
2025-07-16T21:47:06.726+0700 INFO  o.s.w.s.a.s.AnnotationActionEndpointMapping - [] - []- [] - [] - Supporting [WS-Addressing August 2004, WS-Addressing 1.0]
2025-07-16T21:47:07.762+0700 INFO  o.s.cloud.commons.util.InetUtils - [] - []- [] - [] - Cannot determine local hostname
2025-07-16T21:47:07.799+0700 INFO  o.s.c.n.e.c.DiscoveryClientOptionalArgsConfiguration - [] - []- [] - [] - Eureka HTTP Client uses RestTemplate.
2025-07-16T21:47:07.838+0700 WARN  o.s.c.l.c.LoadBalancerCacheAutoConfiguration$LoadBalancerCaffeineWarnLogger - [] - []- [] - [] - Spring Cloud LoadBalancer is currently working with the default cache. While this cache implementation is useful for development and tests, it's recommended to use Caffeine cache in production.You can switch to using Caffeine cache, by adding it and org.springframework.cache.caffeine.CaffeineCacheManager to the classpath.
2025-07-16T21:47:07.935+0700 INFO  o.s.c.n.eureka.InstanceInfoFactory - [] - []- [] - [] - Setting initial instance status as: STARTING
2025-07-16T21:47:07.961+0700 INFO  c.netflix.discovery.DiscoveryClient - [] - []- [] - [] - Initializing Eureka in region us-east-1
2025-07-16T21:47:07.965+0700 INFO  c.n.d.s.r.aws.ConfigClusterResolver - [] - []- [] - [] - Resolving eureka endpoints via configuration
2025-07-16T21:47:07.974+0700 INFO  c.netflix.discovery.DiscoveryClient - [] - []- [] - [] - Disable delta property : false
2025-07-16T21:47:07.974+0700 INFO  c.netflix.discovery.DiscoveryClient - [] - []- [] - [] - Single vip registry refresh property : null
2025-07-16T21:47:07.974+0700 INFO  c.netflix.discovery.DiscoveryClient - [] - []- [] - [] - Force full registry fetch : false
2025-07-16T21:47:07.974+0700 INFO  c.netflix.discovery.DiscoveryClient - [] - []- [] - [] - Application is null : false
2025-07-16T21:47:07.974+0700 INFO  c.netflix.discovery.DiscoveryClient - [] - []- [] - [] - Registered Applications size is zero : true
2025-07-16T21:47:07.974+0700 INFO  c.netflix.discovery.DiscoveryClient - [] - []- [] - [] - Application version is -1: true
2025-07-16T21:47:07.974+0700 INFO  c.netflix.discovery.DiscoveryClient - [] - []- [] - [] - Getting all instance registry info from the eureka server
2025-07-16T21:47:08.438+0700 INFO  c.netflix.discovery.DiscoveryClient - [] - []- [] - [] - The response status is 200
2025-07-16T21:47:08.439+0700 INFO  c.netflix.discovery.DiscoveryClient - [] - []- [] - [] - Starting heartbeat executor: renew interval is: 30
2025-07-16T21:47:08.440+0700 INFO  c.n.discovery.InstanceInfoReplicator - [] - []- [] - [] - InstanceInfoReplicator onDemand update allowed rate per min is 4
2025-07-16T21:47:08.442+0700 INFO  c.netflix.discovery.DiscoveryClient - [] - []- [] - [] - Discovery Client initialized at timestamp 1752677228440 with initial instances count: 0
2025-07-16T21:47:08.446+0700 INFO  o.s.c.n.e.s.EurekaServiceRegistry - [] - []- [] - [] - Registering application PRODUCT-SV with eureka with status UP
2025-07-16T21:47:08.447+0700 INFO  c.netflix.discovery.DiscoveryClient - [] - []- [] - [] - Saw local status change event StatusChangeEvent [timestamp=1752677228447, current=UP, previous=STARTING]
2025-07-16T21:47:08.449+0700 INFO  c.netflix.discovery.DiscoveryClient - [] - []- [] - [] - DiscoveryClient_PRODUCT-SV/localhost:product-sv:8081: registering service...
2025-07-16T21:47:08.449+0700 INFO  o.a.coyote.http11.Http11NioProtocol - [] - []- [] - [] - Starting ProtocolHandler ["http-nio-8081"]
2025-07-16T21:47:08.460+0700 INFO  o.s.b.w.e.tomcat.TomcatWebServer - [] - []- [] - [] - Tomcat started on port 8081 (http) with context path '/'
2025-07-16T21:47:08.460+0700 INFO  o.s.c.n.e.s.EurekaAutoServiceRegistration - [] - []- [] - [] - Updating port to 8081
2025-07-16T21:47:08.726+0700 INFO  c.netflix.discovery.DiscoveryClient - [] - []- [] - [] - DiscoveryClient_PRODUCT-SV/localhost:product-sv:8081 - registration status: 204
2025-07-16T21:47:09.472+0700 INFO  o.s.cloud.commons.util.InetUtils - [] - []- [] - [] - Cannot determine local hostname
2025-07-16T21:47:09.487+0700 INFO  com.gtel.order.ProductApplication - [] - []- [] - [] - ==================================================
2025-07-16T21:47:09.487+0700 INFO  com.gtel.order.ProductApplication - [] - []- [] - [] - |               GTEL Application                  |
2025-07-16T21:47:09.487+0700 INFO  com.gtel.order.ProductApplication - [] - []- [] - [] - |               Develop by Gtel Team              |
2025-07-16T21:47:09.487+0700 INFO  com.gtel.order.ProductApplication - [] - []- [] - [] - ==================================================
2025-07-16T21:47:09.488+0700 INFO  com.gtel.order.ProductApplication - [] - []- [] - [] - Started ProductApplication in 12.008 seconds (process running for 13.661)
2025-07-16T21:47:09.641+0700 INFO  o.a.c.c.C.[Tomcat].[localhost].[/] - [] - []- [] - [] - Initializing Spring DispatcherServlet 'dispatcherServlet'
2025-07-16T21:47:09.641+0700 INFO  o.s.web.servlet.DispatcherServlet - [] - []- [] - [] - Initializing Servlet 'dispatcherServlet'
2025-07-16T21:47:09.643+0700 INFO  o.s.web.servlet.DispatcherServlet - [] - []- [] - [] - Completed initialization in 2 ms
2025-07-16T21:47:38.446+0700 INFO  c.netflix.discovery.DiscoveryClient - [] - []- [] - [] - Disable delta property : false
2025-07-16T21:47:38.446+0700 INFO  c.netflix.discovery.DiscoveryClient - [] - []- [] - [] - Single vip registry refresh property : null
2025-07-16T21:47:38.447+0700 INFO  c.netflix.discovery.DiscoveryClient - [] - []- [] - [] - Force full registry fetch : false
2025-07-16T21:47:38.447+0700 INFO  c.netflix.discovery.DiscoveryClient - [] - []- [] - [] - Application is null : false
2025-07-16T21:47:38.447+0700 INFO  c.netflix.discovery.DiscoveryClient - [] - []- [] - [] - Registered Applications size is zero : true
2025-07-16T21:47:38.447+0700 INFO  c.netflix.discovery.DiscoveryClient - [] - []- [] - [] - Application version is -1: false
2025-07-16T21:47:38.447+0700 INFO  c.netflix.discovery.DiscoveryClient - [] - []- [] - [] - Getting all instance registry info from the eureka server
2025-07-16T21:47:38.747+0700 INFO  c.netflix.discovery.DiscoveryClient - [] - []- [] - [] - The response status is 200
2025-07-16T21:47:38.827+0700 INFO  c.netflix.discovery.DiscoveryClient - [] - []- [] - [] - DiscoveryClient_PRODUCT-SV/localhost:product-sv:8081 - Re-registering apps/PRODUCT-SV
2025-07-16T21:47:38.827+0700 INFO  c.netflix.discovery.DiscoveryClient - [] - []- [] - [] - DiscoveryClient_PRODUCT-SV/localhost:product-sv:8081: registering service...
2025-07-16T21:47:38.934+0700 INFO  c.netflix.discovery.DiscoveryClient - [] - []- [] - [] - DiscoveryClient_PRODUCT-SV/localhost:product-sv:8081 - registration status: 204
2025-07-16T21:48:08.761+0700 INFO  c.netflix.discovery.DiscoveryClient - [] - []- [] - [] - Disable delta property : false
2025-07-16T21:48:08.761+0700 INFO  c.netflix.discovery.DiscoveryClient - [] - []- [] - [] - Single vip registry refresh property : null
2025-07-16T21:48:08.761+0700 INFO  c.netflix.discovery.DiscoveryClient - [] - []- [] - [] - Force full registry fetch : false
2025-07-16T21:48:08.761+0700 INFO  c.netflix.discovery.DiscoveryClient - [] - []- [] - [] - Application is null : false
2025-07-16T21:48:08.761+0700 INFO  c.netflix.discovery.DiscoveryClient - [] - []- [] - [] - Registered Applications size is zero : true
2025-07-16T21:48:08.761+0700 INFO  c.netflix.discovery.DiscoveryClient - [] - []- [] - [] - Application version is -1: false
2025-07-16T21:48:08.761+0700 INFO  c.netflix.discovery.DiscoveryClient - [] - []- [] - [] - Getting all instance registry info from the eureka server
2025-07-16T21:48:08.788+0700 INFO  c.netflix.discovery.DiscoveryClient - [] - []- [] - [] - The response status is 200
2025-07-16T21:48:12.242+0700 INFO  o.s.c.n.e.s.EurekaServiceRegistry - [] - []- [] - [] - Unregistering application PRODUCT-SV with eureka with status DOWN
2025-07-16T21:48:12.242+0700 INFO  c.netflix.discovery.DiscoveryClient - [] - []- [] - [] - Saw local status change event StatusChangeEvent [timestamp=1752677292242, current=DOWN, previous=UP]
2025-07-16T21:48:12.242+0700 INFO  c.netflix.discovery.DiscoveryClient - [] - []- [] - [] - DiscoveryClient_PRODUCT-SV/localhost:product-sv:8081: registering service...
2025-07-16T21:48:12.244+0700 INFO  o.s.b.w.e.tomcat.GracefulShutdown - [] - []- [] - [] - Commencing graceful shutdown. Waiting for active requests to complete
2025-07-16T21:48:12.257+0700 INFO  o.s.b.w.e.tomcat.GracefulShutdown - [] - []- [] - [] - Graceful shutdown complete
2025-07-16T21:48:12.271+0700 INFO  c.netflix.discovery.DiscoveryClient - [] - []- [] - [] - DiscoveryClient_PRODUCT-SV/localhost:product-sv:8081 - registration status: 204
2025-07-16T21:48:12.294+0700 INFO  o.s.o.j.LocalContainerEntityManagerFactoryBean - [] - []- [] - [] - Closing JPA EntityManagerFactory for persistence unit 'default'
2025-07-16T21:48:12.296+0700 INFO  com.zaxxer.hikari.HikariDataSource - [] - []- [] - [] - HikariPool-1 - Shutdown initiated...
2025-07-16T21:48:12.311+0700 INFO  com.zaxxer.hikari.HikariDataSource - [] - []- [] - [] - HikariPool-1 - Shutdown completed.
2025-07-16T21:48:12.312+0700 INFO  c.netflix.discovery.DiscoveryClient - [] - []- [] - [] - Shutting down DiscoveryClient ...
2025-07-16T23:06:29.339+0700 INFO  com.gtel.order.OrderApplication - [] - []- [] - [] - Starting OrderApplication using Java 21.0.6 with PID 21068 (E:\MICROSERVICE TUTORIAL\order\target\classes started by Vuanh in E:\MICROSERVICE TUTORIAL\order)
2025-07-16T23:06:29.341+0700 INFO  com.gtel.order.OrderApplication - [] - []- [] - [] - No active profile set, falling back to 1 default profile: "default"
2025-07-16T23:06:30.063+0700 INFO  o.s.d.r.c.RepositoryConfigurationDelegate - [] - []- [] - [] - Multiple Spring Data modules found, entering strict repository configuration mode
2025-07-16T23:06:30.064+0700 INFO  o.s.d.r.c.RepositoryConfigurationDelegate - [] - []- [] - [] - Bootstrapping Spring Data Redis repositories in DEFAULT mode.
2025-07-16T23:06:30.087+0700 INFO  o.s.d.r.c.RepositoryConfigurationDelegate - [] - []- [] - [] - Finished Spring Data repository scanning in 6 ms. Found 0 Redis repository interfaces.
2025-07-16T23:06:30.697+0700 INFO  o.s.d.r.c.RepositoryConfigurationDelegate - [] - []- [] - [] - Multiple Spring Data modules found, entering strict repository configuration mode
2025-07-16T23:06:30.698+0700 INFO  o.s.d.r.c.RepositoryConfigurationDelegate - [] - []- [] - [] - Bootstrapping Spring Data JPA repositories in DEFAULT mode.
2025-07-16T23:06:30.709+0700 INFO  o.s.d.r.c.RepositoryConfigurationDelegate - [] - []- [] - [] - Finished Spring Data repository scanning in 6 ms. Found 0 JPA repository interfaces.
2025-07-16T23:06:30.716+0700 INFO  o.s.d.r.c.RepositoryConfigurationDelegate - [] - []- [] - [] - Multiple Spring Data modules found, entering strict repository configuration mode
2025-07-16T23:06:30.716+0700 INFO  o.s.d.r.c.RepositoryConfigurationDelegate - [] - []- [] - [] - Bootstrapping Spring Data Redis repositories in DEFAULT mode.
2025-07-16T23:06:30.720+0700 INFO  o.s.d.r.c.RepositoryConfigurationDelegate - [] - []- [] - [] - Finished Spring Data repository scanning in 2 ms. Found 0 Redis repository interfaces.
2025-07-16T23:06:30.885+0700 INFO  o.s.cloud.context.scope.GenericScope - [] - []- [] - [] - BeanFactory id=e63d9d17-c7a9-34d1-a3dd-6ee35b09e62f
2025-07-16T23:06:31.512+0700 INFO  o.s.b.w.e.tomcat.TomcatWebServer - [] - []- [] - [] - Tomcat initialized with port 8082 (http)
2025-07-16T23:06:31.522+0700 INFO  o.a.coyote.http11.Http11NioProtocol - [] - []- [] - [] - Initializing ProtocolHandler ["http-nio-8082"]
2025-07-16T23:06:31.523+0700 INFO  o.a.catalina.core.StandardService - [] - []- [] - [] - Starting service [Tomcat]
2025-07-16T23:06:31.523+0700 INFO  o.a.catalina.core.StandardEngine - [] - []- [] - [] - Starting Servlet engine: [Apache Tomcat/10.1.42]
2025-07-16T23:06:31.590+0700 INFO  o.a.c.c.C.[Tomcat].[localhost].[/] - [] - []- [] - [] - Initializing Spring embedded WebApplicationContext
2025-07-16T23:06:31.591+0700 INFO  o.s.b.w.s.c.ServletWebServerApplicationContext - [] - []- [] - [] - Root WebApplicationContext: initialization completed in 2202 ms
2025-07-16T23:06:31.988+0700 INFO  com.zaxxer.hikari.HikariDataSource - [] - []- [] - [] - HikariPool-1 - Starting...
2025-07-16T23:06:32.277+0700 INFO  com.zaxxer.hikari.pool.HikariPool - [] - []- [] - [] - HikariPool-1 - Added connection org.postgresql.jdbc.PgConnection@3962b216
2025-07-16T23:06:32.279+0700 INFO  com.zaxxer.hikari.HikariDataSource - [] - []- [] - [] - HikariPool-1 - Start completed.
2025-07-16T23:06:32.317+0700 INFO  o.h.jpa.internal.util.LogHelper - [] - []- [] - [] - HHH000204: Processing PersistenceUnitInfo [name: default]
2025-07-16T23:06:32.365+0700 INFO  org.hibernate.Version - [] - []- [] - [] - HHH000412: Hibernate ORM core version 6.6.18.Final
2025-07-16T23:06:32.407+0700 INFO  o.h.c.i.RegionFactoryInitiator - [] - []- [] - [] - HHH000026: Second-level cache disabled
2025-07-16T23:06:32.737+0700 INFO  o.s.o.j.p.SpringPersistenceUnitInfo - [] - []- [] - [] - No LoadTimeWeaver setup: ignoring JPA class transformer
2025-07-16T23:06:32.823+0700 INFO  o.hibernate.orm.connections.pooling - [] - []- [] - [] - HHH10001005: Database info:
	Database JDBC URL [Connecting through datasource 'HikariDataSource (HikariPool-1)']
	Database driver: undefined/unknown
	Database version: 15.13
	Autocommit mode: undefined/unknown
	Isolation level: undefined/unknown
	Minimum pool size: undefined/unknown
	Maximum pool size: undefined/unknown
2025-07-16T23:06:33.184+0700 INFO  o.h.e.t.j.p.i.JtaPlatformInitiator - [] - []- [] - [] - HHH000489: No JTA platform available (set 'hibernate.transaction.jta.platform' to enable JTA platform integration)
2025-07-16T23:06:33.189+0700 INFO  o.s.o.j.LocalContainerEntityManagerFactoryBean - [] - []- [] - [] - Initialized JPA EntityManagerFactory for persistence unit 'default'
2025-07-16T23:06:34.260+0700 INFO  o.s.cloud.commons.util.InetUtils - [] - []- [] - [] - Cannot determine local hostname
2025-07-16T23:06:34.323+0700 INFO  n.d.b.g.c.a.GrpcClientAutoConfiguration - [] - []- [] - [] - Detected grpc-netty-shaded: Creating ShadedNettyChannelFactory + InProcessChannelFactory
2025-07-16T23:06:34.817+0700 INFO  org.redisson.Version - [] - []- [] - [] - Redisson 3.27.2
2025-07-16T23:06:35.177+0700 INFO  o.r.connection.ConnectionsHolder - [] - []- [] - [] - 1 connections initialized for 192.168.5.71/192.168.5.71:6379
2025-07-16T23:06:35.291+0700 INFO  o.r.connection.ConnectionsHolder - [] - []- [] - [] - 24 connections initialized for 192.168.5.71/192.168.5.71:6379
2025-07-16T23:06:35.602+0700 WARN  o.s.b.a.o.j.JpaBaseConfiguration$JpaWebConfiguration - [] - []- [] - [] - spring.jpa.open-in-view is enabled by default. Therefore, database queries may be performed during view rendering. Explicitly configure spring.jpa.open-in-view to disable this warning
2025-07-16T23:06:36.916+0700 INFO  o.s.cloud.commons.util.InetUtils - [] - []- [] - [] - Cannot determine local hostname
2025-07-16T23:06:37.149+0700 INFO  o.s.b.a.e.web.EndpointLinksResolver - [] - []- [] - [] - Exposing 1 endpoint beneath base path '/actuator'
2025-07-16T23:06:37.486+0700 INFO  o.s.v.b.OptionalValidatorFactoryBean - [] - []- [] - [] - Failed to set up a Bean Validation provider: jakarta.validation.NoProviderFoundException: Unable to create a Configuration, because no Jakarta Bean Validation provider could be found. Add a provider like Hibernate Validator (RI) to your classpath.
2025-07-16T23:06:37.610+0700 INFO  o.s.c.n.e.c.DiscoveryClientOptionalArgsConfiguration - [] - []- [] - [] - Eureka HTTP Client uses RestTemplate.
2025-07-16T23:06:37.649+0700 INFO  n.d.b.g.s.a.GrpcServerFactoryAutoConfiguration - [] - []- [] - [] - Detected grpc-netty-shaded: Creating ShadedNettyGrpcServerFactory
2025-07-16T23:06:38.118+0700 INFO  o.s.w.s.a.s.AnnotationActionEndpointMapping - [] - []- [] - [] - Supporting [WS-Addressing August 2004, WS-Addressing 1.0]
2025-07-16T23:06:38.189+0700 WARN  o.s.c.l.c.LoadBalancerCacheAutoConfiguration$LoadBalancerCaffeineWarnLogger - [] - []- [] - [] - Spring Cloud LoadBalancer is currently working with the default cache. While this cache implementation is useful for development and tests, it's recommended to use Caffeine cache in production.You can switch to using Caffeine cache, by adding it and org.springframework.cache.caffeine.CaffeineCacheManager to the classpath.
2025-07-16T23:06:38.423+0700 INFO  o.s.c.n.eureka.InstanceInfoFactory - [] - []- [] - [] - Setting initial instance status as: STARTING
2025-07-16T23:06:38.542+0700 INFO  c.netflix.discovery.DiscoveryClient - [] - []- [] - [] - Initializing Eureka in region us-east-1
2025-07-16T23:06:38.547+0700 INFO  c.n.d.s.r.aws.ConfigClusterResolver - [] - []- [] - [] - Resolving eureka endpoints via configuration
2025-07-16T23:06:38.572+0700 INFO  c.netflix.discovery.DiscoveryClient - [] - []- [] - [] - Disable delta property : false
2025-07-16T23:06:38.572+0700 INFO  c.netflix.discovery.DiscoveryClient - [] - []- [] - [] - Single vip registry refresh property : null
2025-07-16T23:06:38.572+0700 INFO  c.netflix.discovery.DiscoveryClient - [] - []- [] - [] - Force full registry fetch : false
2025-07-16T23:06:38.572+0700 INFO  c.netflix.discovery.DiscoveryClient - [] - []- [] - [] - Application is null : false
2025-07-16T23:06:38.572+0700 INFO  c.netflix.discovery.DiscoveryClient - [] - []- [] - [] - Registered Applications size is zero : true
2025-07-16T23:06:38.572+0700 INFO  c.netflix.discovery.DiscoveryClient - [] - []- [] - [] - Application version is -1: true
2025-07-16T23:06:38.573+0700 INFO  c.netflix.discovery.DiscoveryClient - [] - []- [] - [] - Getting all instance registry info from the eureka server
2025-07-16T23:06:39.101+0700 INFO  c.netflix.discovery.DiscoveryClient - [] - []- [] - [] - The response status is 200
2025-07-16T23:06:39.104+0700 INFO  c.netflix.discovery.DiscoveryClient - [] - []- [] - [] - Starting heartbeat executor: renew interval is: 30
2025-07-16T23:06:39.106+0700 INFO  c.n.discovery.InstanceInfoReplicator - [] - []- [] - [] - InstanceInfoReplicator onDemand update allowed rate per min is 4
2025-07-16T23:06:39.109+0700 INFO  c.netflix.discovery.DiscoveryClient - [] - []- [] - [] - Discovery Client initialized at timestamp 1752681999109 with initial instances count: 1
2025-07-16T23:06:39.114+0700 INFO  o.s.c.n.e.s.EurekaServiceRegistry - [] - []- [] - [] - Registering application ORDER-SV with eureka with status UP
2025-07-16T23:06:39.115+0700 INFO  c.netflix.discovery.DiscoveryClient - [] - []- [] - [] - Saw local status change event StatusChangeEvent [timestamp=1752681999115, current=UP, previous=STARTING]
2025-07-16T23:06:39.116+0700 INFO  c.netflix.discovery.DiscoveryClient - [] - []- [] - [] - DiscoveryClient_ORDER-SV/localhost:order-sv:8082: registering service...
2025-07-16T23:06:39.116+0700 INFO  o.a.coyote.http11.Http11NioProtocol - [] - []- [] - [] - Starting ProtocolHandler ["http-nio-8082"]
2025-07-16T23:06:39.141+0700 INFO  o.s.b.w.e.tomcat.TomcatWebServer - [] - []- [] - [] - Tomcat started on port 8082 (http) with context path '/'
2025-07-16T23:06:39.144+0700 INFO  o.s.c.n.e.s.EurekaAutoServiceRegistration - [] - []- [] - [] - Updating port to 8082
2025-07-16T23:06:39.185+0700 INFO  c.netflix.discovery.DiscoveryClient - [] - []- [] - [] - DiscoveryClient_ORDER-SV/localhost:order-sv:8082 - registration status: 204
2025-07-16T23:06:40.161+0700 INFO  o.s.cloud.commons.util.InetUtils - [] - []- [] - [] - Cannot determine local hostname
2025-07-16T23:06:40.166+0700 INFO  n.d.b.g.s.s.AbstractGrpcServerFactory - [] - []- [] - [] - Registered gRPC service: grpc.health.v1.Health, bean: grpcHealthService, class: io.grpc.protobuf.services.HealthServiceImpl
2025-07-16T23:06:40.167+0700 INFO  n.d.b.g.s.s.AbstractGrpcServerFactory - [] - []- [] - [] - Registered gRPC service: grpc.reflection.v1alpha.ServerReflection, bean: protoReflectionService, class: io.grpc.protobuf.services.ProtoReflectionService
2025-07-16T23:06:40.259+0700 INFO  n.d.b.g.s.s.GrpcServerLifecycle - [] - []- [] - [] - Completed gRPC server shutdown
2025-07-16T23:06:40.261+0700 INFO  o.s.b.w.e.tomcat.GracefulShutdown - [] - []- [] - [] - Commencing graceful shutdown. Waiting for active requests to complete
2025-07-16T23:06:40.262+0700 INFO  o.a.coyote.http11.Http11NioProtocol - [] - []- [] - [] - Pausing ProtocolHandler ["http-nio-8082"]
2025-07-16T23:06:40.271+0700 INFO  o.s.b.w.e.tomcat.GracefulShutdown - [] - []- [] - [] - Graceful shutdown complete
2025-07-16T23:06:40.271+0700 INFO  o.a.coyote.http11.Http11NioProtocol - [] - []- [] - [] - Stopping ProtocolHandler ["http-nio-8082"]
2025-07-16T23:06:40.272+0700 INFO  o.s.c.n.e.s.EurekaServiceRegistry - [] - []- [] - [] - Unregistering application ORDER-SV with eureka with status DOWN
2025-07-16T23:06:40.272+0700 INFO  c.netflix.discovery.DiscoveryClient - [] - []- [] - [] - Saw local status change event StatusChangeEvent [timestamp=1752682000272, current=DOWN, previous=UP]
2025-07-16T23:06:40.272+0700 INFO  c.netflix.discovery.DiscoveryClient - [] - []- [] - [] - DiscoveryClient_ORDER-SV/localhost:order-sv:8082: registering service...
2025-07-16T23:06:40.272+0700 WARN  o.s.b.w.s.c.AnnotationConfigServletWebServerApplicationContext - [] - []- [] - [] - Exception encountered during context initialization - cancelling refresh attempt: org.springframework.context.ApplicationContextException: Failed to start bean 'shadedNettyGrpcServerLifecycle'
2025-07-16T23:06:40.282+0700 INFO  c.netflix.discovery.DiscoveryClient - [] - []- [] - [] - DiscoveryClient_ORDER-SV/localhost:order-sv:8082 - registration status: 204
2025-07-16T23:06:40.315+0700 INFO  o.s.o.j.LocalContainerEntityManagerFactoryBean - [] - []- [] - [] - Closing JPA EntityManagerFactory for persistence unit 'default'
2025-07-16T23:06:40.317+0700 INFO  com.zaxxer.hikari.HikariDataSource - [] - []- [] - [] - HikariPool-1 - Shutdown initiated...
2025-07-16T23:06:40.328+0700 INFO  com.zaxxer.hikari.HikariDataSource - [] - []- [] - [] - HikariPool-1 - Shutdown completed.
2025-07-16T23:06:40.329+0700 INFO  c.netflix.discovery.DiscoveryClient - [] - []- [] - [] - Shutting down DiscoveryClient ...
2025-07-16T23:06:43.344+0700 INFO  c.netflix.discovery.DiscoveryClient - [] - []- [] - [] - Unregistering ...
2025-07-16T23:06:43.363+0700 INFO  c.netflix.discovery.DiscoveryClient - [] - []- [] - [] - DiscoveryClient_ORDER-SV/localhost:order-sv:8082 - deregister  status: 200
2025-07-16T23:06:43.363+0700 INFO  c.netflix.discovery.DiscoveryClient - [] - []- [] - [] - Completed shut down of DiscoveryClient
2025-07-16T23:06:43.382+0700 INFO  o.s.b.a.l.ConditionEvaluationReportLogger - [] - []- [] - [] - 

Error starting ApplicationContext. To display the condition evaluation report re-run your application with 'debug' enabled.
2025-07-16T23:06:43.398+0700 ERROR o.s.boot.SpringApplication - [] - []- [] - [] - Application run failed
org.springframework.context.ApplicationContextException: Failed to start bean 'shadedNettyGrpcServerLifecycle'
	at org.springframework.context.support.DefaultLifecycleProcessor.doStart(DefaultLifecycleProcessor.java:408)
	at org.springframework.context.support.DefaultLifecycleProcessor.doStart(DefaultLifecycleProcessor.java:394)
	at org.springframework.context.support.DefaultLifecycleProcessor$LifecycleGroup.start(DefaultLifecycleProcessor.java:586)
	at java.base/java.lang.Iterable.forEach(Iterable.java:75)
	at org.springframework.context.support.DefaultLifecycleProcessor.startBeans(DefaultLifecycleProcessor.java:364)
	at org.springframework.context.support.DefaultLifecycleProcessor.onRefresh(DefaultLifecycleProcessor.java:310)
	at org.springframework.context.support.AbstractApplicationContext.finishRefresh(AbstractApplicationContext.java:1006)
	at org.springframework.context.support.AbstractApplicationContext.refresh(AbstractApplicationContext.java:630)
	at org.springframework.boot.web.servlet.context.ServletWebServerApplicationContext.refresh(ServletWebServerApplicationContext.java:146)
	at org.springframework.boot.SpringApplication.refresh(SpringApplication.java:752)
	at org.springframework.boot.SpringApplication.refreshContext(SpringApplication.java:439)
	at org.springframework.boot.SpringApplication.run(SpringApplication.java:318)
	at org.springframework.boot.SpringApplication.run(SpringApplication.java:1361)
	at org.springframework.boot.SpringApplication.run(SpringApplication.java:1350)
	at com.gtel.order.OrderApplication.main(OrderApplication.java:15)
Caused by: java.lang.IllegalStateException: Failed to start the grpc server
	at net.devh.boot.grpc.server.serverfactory.GrpcServerLifecycle.start(GrpcServerLifecycle.java:73)
	at org.springframework.context.support.DefaultLifecycleProcessor.doStart(DefaultLifecycleProcessor.java:405)
	... 14 common frames omitted
Caused by: java.io.IOException: Failed to bind to address 0.0.0.0/0.0.0.0:9090
	at io.grpc.netty.shaded.io.grpc.netty.NettyServer.start(NettyServer.java:333)
	at io.grpc.internal.ServerImpl.start(ServerImpl.java:185)
	at io.grpc.internal.ServerImpl.start(ServerImpl.java:94)
	at net.devh.boot.grpc.server.serverfactory.GrpcServerLifecycle.createAndStartGrpcServer(GrpcServerLifecycle.java:112)
	at net.devh.boot.grpc.server.serverfactory.GrpcServerLifecycle.start(GrpcServerLifecycle.java:71)
	... 15 common frames omitted
Caused by: java.net.BindException: Address already in use: bind
	at java.base/sun.nio.ch.Net.bind0(Native Method)
	at java.base/sun.nio.ch.Net.bind(Net.java:565)
	at java.base/sun.nio.ch.ServerSocketChannelImpl.netBind(ServerSocketChannelImpl.java:344)
	at java.base/sun.nio.ch.ServerSocketChannelImpl.bind(ServerSocketChannelImpl.java:301)
	at io.grpc.netty.shaded.io.netty.channel.socket.nio.NioServerSocketChannel.doBind(NioServerSocketChannel.java:141)
	at io.grpc.netty.shaded.io.netty.channel.AbstractChannel$AbstractUnsafe.bind(AbstractChannel.java:562)
	at io.grpc.netty.shaded.io.netty.channel.DefaultChannelPipeline$HeadContext.bind(DefaultChannelPipeline.java:1334)
	at io.grpc.netty.shaded.io.netty.channel.AbstractChannelHandlerContext.invokeBind(AbstractChannelHandlerContext.java:600)
	at io.grpc.netty.shaded.io.netty.channel.AbstractChannelHandlerContext.bind(AbstractChannelHandlerContext.java:579)
	at io.grpc.netty.shaded.io.netty.channel.DefaultChannelPipeline.bind(DefaultChannelPipeline.java:973)
	at io.grpc.netty.shaded.io.netty.channel.AbstractChannel.bind(AbstractChannel.java:260)
	at io.grpc.netty.shaded.io.netty.bootstrap.AbstractBootstrap$2.run(AbstractBootstrap.java:356)
	at io.grpc.netty.shaded.io.netty.util.concurrent.AbstractEventExecutor.runTask$$$capture(AbstractEventExecutor.java:173)
	at io.grpc.netty.shaded.io.netty.util.concurrent.AbstractEventExecutor.runTask(AbstractEventExecutor.java)
	at io.grpc.netty.shaded.io.netty.util.concurrent.AbstractEventExecutor.safeExecute(AbstractEventExecutor.java:166)
	at io.grpc.netty.shaded.io.netty.util.concurrent.SingleThreadEventExecutor.runAllTasks(SingleThreadEventExecutor.java:470)
	at io.grpc.netty.shaded.io.netty.channel.nio.NioEventLoop.run(NioEventLoop.java:569)
	at io.grpc.netty.shaded.io.netty.util.concurrent.SingleThreadEventExecutor$4.run(SingleThreadEventExecutor.java:997)
	at io.grpc.netty.shaded.io.netty.util.internal.ThreadExecutorMap$2.run(ThreadExecutorMap.java:74)
	at io.grpc.netty.shaded.io.netty.util.concurrent.FastThreadLocalRunnable.run(FastThreadLocalRunnable.java:30)
	at java.base/java.lang.Thread.run(Thread.java:1583)
2025-07-16T23:07:05.631+0700 INFO  com.gtel.order.OrderApplication - [] - []- [] - [] - Starting OrderApplication using Java 21.0.6 with PID 48180 (E:\MICROSERVICE TUTORIAL\order\target\classes started by Vuanh in E:\MICROSERVICE TUTORIAL\order)
2025-07-16T23:07:05.633+0700 INFO  com.gtel.order.OrderApplication - [] - []- [] - [] - No active profile set, falling back to 1 default profile: "default"
2025-07-16T23:07:06.359+0700 INFO  o.s.d.r.c.RepositoryConfigurationDelegate - [] - []- [] - [] - Multiple Spring Data modules found, entering strict repository configuration mode
2025-07-16T23:07:06.359+0700 INFO  o.s.d.r.c.RepositoryConfigurationDelegate - [] - []- [] - [] - Bootstrapping Spring Data Redis repositories in DEFAULT mode.
2025-07-16T23:07:06.389+0700 INFO  o.s.d.r.c.RepositoryConfigurationDelegate - [] - []- [] - [] - Finished Spring Data repository scanning in 8 ms. Found 0 Redis repository interfaces.
2025-07-16T23:07:07.005+0700 INFO  o.s.d.r.c.RepositoryConfigurationDelegate - [] - []- [] - [] - Multiple Spring Data modules found, entering strict repository configuration mode
2025-07-16T23:07:07.006+0700 INFO  o.s.d.r.c.RepositoryConfigurationDelegate - [] - []- [] - [] - Bootstrapping Spring Data JPA repositories in DEFAULT mode.
2025-07-16T23:07:07.017+0700 INFO  o.s.d.r.c.RepositoryConfigurationDelegate - [] - []- [] - [] - Finished Spring Data repository scanning in 6 ms. Found 0 JPA repository interfaces.
2025-07-16T23:07:07.022+0700 INFO  o.s.d.r.c.RepositoryConfigurationDelegate - [] - []- [] - [] - Multiple Spring Data modules found, entering strict repository configuration mode
2025-07-16T23:07:07.023+0700 INFO  o.s.d.r.c.RepositoryConfigurationDelegate - [] - []- [] - [] - Bootstrapping Spring Data Redis repositories in DEFAULT mode.
2025-07-16T23:07:07.026+0700 INFO  o.s.d.r.c.RepositoryConfigurationDelegate - [] - []- [] - [] - Finished Spring Data repository scanning in 2 ms. Found 0 Redis repository interfaces.
2025-07-16T23:07:07.209+0700 INFO  o.s.cloud.context.scope.GenericScope - [] - []- [] - [] - BeanFactory id=e63d9d17-c7a9-34d1-a3dd-6ee35b09e62f
2025-07-16T23:07:07.827+0700 INFO  o.s.b.w.e.tomcat.TomcatWebServer - [] - []- [] - [] - Tomcat initialized with port 8082 (http)
2025-07-16T23:07:07.838+0700 INFO  o.a.coyote.http11.Http11NioProtocol - [] - []- [] - [] - Initializing ProtocolHandler ["http-nio-8082"]
2025-07-16T23:07:07.839+0700 INFO  o.a.catalina.core.StandardService - [] - []- [] - [] - Starting service [Tomcat]
2025-07-16T23:07:07.839+0700 INFO  o.a.catalina.core.StandardEngine - [] - []- [] - [] - Starting Servlet engine: [Apache Tomcat/10.1.42]
2025-07-16T23:07:07.919+0700 INFO  o.a.c.c.C.[Tomcat].[localhost].[/] - [] - []- [] - [] - Initializing Spring embedded WebApplicationContext
2025-07-16T23:07:07.919+0700 INFO  o.s.b.w.s.c.ServletWebServerApplicationContext - [] - []- [] - [] - Root WebApplicationContext: initialization completed in 2244 ms
2025-07-16T23:07:08.317+0700 INFO  com.zaxxer.hikari.HikariDataSource - [] - []- [] - [] - HikariPool-1 - Starting...
2025-07-16T23:07:08.612+0700 INFO  com.zaxxer.hikari.pool.HikariPool - [] - []- [] - [] - HikariPool-1 - Added connection org.postgresql.jdbc.PgConnection@3962b216
2025-07-16T23:07:08.613+0700 INFO  com.zaxxer.hikari.HikariDataSource - [] - []- [] - [] - HikariPool-1 - Start completed.
2025-07-16T23:07:08.651+0700 INFO  o.h.jpa.internal.util.LogHelper - [] - []- [] - [] - HHH000204: Processing PersistenceUnitInfo [name: default]
2025-07-16T23:07:08.701+0700 INFO  org.hibernate.Version - [] - []- [] - [] - HHH000412: Hibernate ORM core version 6.6.18.Final
2025-07-16T23:07:08.733+0700 INFO  o.h.c.i.RegionFactoryInitiator - [] - []- [] - [] - HHH000026: Second-level cache disabled
2025-07-16T23:07:09.034+0700 INFO  o.s.o.j.p.SpringPersistenceUnitInfo - [] - []- [] - [] - No LoadTimeWeaver setup: ignoring JPA class transformer
2025-07-16T23:07:09.119+0700 INFO  o.hibernate.orm.connections.pooling - [] - []- [] - [] - HHH10001005: Database info:
	Database JDBC URL [Connecting through datasource 'HikariDataSource (HikariPool-1)']
	Database driver: undefined/unknown
	Database version: 15.13
	Autocommit mode: undefined/unknown
	Isolation level: undefined/unknown
	Minimum pool size: undefined/unknown
	Maximum pool size: undefined/unknown
2025-07-16T23:07:09.486+0700 INFO  o.h.e.t.j.p.i.JtaPlatformInitiator - [] - []- [] - [] - HHH000489: No JTA platform available (set 'hibernate.transaction.jta.platform' to enable JTA platform integration)
2025-07-16T23:07:09.491+0700 INFO  o.s.o.j.LocalContainerEntityManagerFactoryBean - [] - []- [] - [] - Initialized JPA EntityManagerFactory for persistence unit 'default'
2025-07-16T23:07:10.548+0700 INFO  o.s.cloud.commons.util.InetUtils - [] - []- [] - [] - Cannot determine local hostname
2025-07-16T23:07:10.619+0700 INFO  n.d.b.g.c.a.GrpcClientAutoConfiguration - [] - []- [] - [] - Detected grpc-netty-shaded: Creating ShadedNettyChannelFactory + InProcessChannelFactory
2025-07-16T23:07:11.124+0700 INFO  org.redisson.Version - [] - []- [] - [] - Redisson 3.27.2
2025-07-16T23:07:11.407+0700 INFO  o.r.connection.ConnectionsHolder - [] - []- [] - [] - 1 connections initialized for 192.168.5.71/192.168.5.71:6379
2025-07-16T23:07:11.481+0700 INFO  o.r.connection.ConnectionsHolder - [] - []- [] - [] - 24 connections initialized for 192.168.5.71/192.168.5.71:6379
2025-07-16T23:07:11.721+0700 WARN  o.s.b.a.o.j.JpaBaseConfiguration$JpaWebConfiguration - [] - []- [] - [] - spring.jpa.open-in-view is enabled by default. Therefore, database queries may be performed during view rendering. Explicitly configure spring.jpa.open-in-view to disable this warning
2025-07-16T23:07:13.012+0700 INFO  o.s.cloud.commons.util.InetUtils - [] - []- [] - [] - Cannot determine local hostname
2025-07-16T23:07:13.202+0700 INFO  o.s.b.a.e.web.EndpointLinksResolver - [] - []- [] - [] - Exposing 1 endpoint beneath base path '/actuator'
2025-07-16T23:07:13.468+0700 INFO  o.s.v.b.OptionalValidatorFactoryBean - [] - []- [] - [] - Failed to set up a Bean Validation provider: jakarta.validation.NoProviderFoundException: Unable to create a Configuration, because no Jakarta Bean Validation provider could be found. Add a provider like Hibernate Validator (RI) to your classpath.
2025-07-16T23:07:13.576+0700 INFO  o.s.c.n.e.c.DiscoveryClientOptionalArgsConfiguration - [] - []- [] - [] - Eureka HTTP Client uses RestTemplate.
2025-07-16T23:07:13.612+0700 INFO  n.d.b.g.s.a.GrpcServerFactoryAutoConfiguration - [] - []- [] - [] - Detected grpc-netty-shaded: Creating ShadedNettyGrpcServerFactory
2025-07-16T23:07:14.036+0700 INFO  o.s.w.s.a.s.AnnotationActionEndpointMapping - [] - []- [] - [] - Supporting [WS-Addressing August 2004, WS-Addressing 1.0]
2025-07-16T23:07:14.102+0700 WARN  o.s.c.l.c.LoadBalancerCacheAutoConfiguration$LoadBalancerCaffeineWarnLogger - [] - []- [] - [] - Spring Cloud LoadBalancer is currently working with the default cache. While this cache implementation is useful for development and tests, it's recommended to use Caffeine cache in production.You can switch to using Caffeine cache, by adding it and org.springframework.cache.caffeine.CaffeineCacheManager to the classpath.
2025-07-16T23:07:14.180+0700 INFO  o.s.c.n.eureka.InstanceInfoFactory - [] - []- [] - [] - Setting initial instance status as: STARTING
2025-07-16T23:07:14.203+0700 INFO  c.netflix.discovery.DiscoveryClient - [] - []- [] - [] - Initializing Eureka in region us-east-1
2025-07-16T23:07:14.206+0700 INFO  c.n.d.s.r.aws.ConfigClusterResolver - [] - []- [] - [] - Resolving eureka endpoints via configuration
2025-07-16T23:07:14.215+0700 INFO  c.netflix.discovery.DiscoveryClient - [] - []- [] - [] - Disable delta property : false
2025-07-16T23:07:14.215+0700 INFO  c.netflix.discovery.DiscoveryClient - [] - []- [] - [] - Single vip registry refresh property : null
2025-07-16T23:07:14.215+0700 INFO  c.netflix.discovery.DiscoveryClient - [] - []- [] - [] - Force full registry fetch : false
2025-07-16T23:07:14.215+0700 INFO  c.netflix.discovery.DiscoveryClient - [] - []- [] - [] - Application is null : false
2025-07-16T23:07:14.215+0700 INFO  c.netflix.discovery.DiscoveryClient - [] - []- [] - [] - Registered Applications size is zero : true
2025-07-16T23:07:14.215+0700 INFO  c.netflix.discovery.DiscoveryClient - [] - []- [] - [] - Application version is -1: true
2025-07-16T23:07:14.215+0700 INFO  c.netflix.discovery.DiscoveryClient - [] - []- [] - [] - Getting all instance registry info from the eureka server
2025-07-16T23:07:14.515+0700 INFO  c.netflix.discovery.DiscoveryClient - [] - []- [] - [] - The response status is 200
2025-07-16T23:07:14.516+0700 INFO  c.netflix.discovery.DiscoveryClient - [] - []- [] - [] - Starting heartbeat executor: renew interval is: 30
2025-07-16T23:07:14.517+0700 INFO  c.n.discovery.InstanceInfoReplicator - [] - []- [] - [] - InstanceInfoReplicator onDemand update allowed rate per min is 4
2025-07-16T23:07:14.519+0700 INFO  c.netflix.discovery.DiscoveryClient - [] - []- [] - [] - Discovery Client initialized at timestamp 1752682034519 with initial instances count: 1
2025-07-16T23:07:14.524+0700 INFO  o.s.c.n.e.s.EurekaServiceRegistry - [] - []- [] - [] - Registering application ORDER-SV with eureka with status UP
2025-07-16T23:07:14.524+0700 INFO  c.netflix.discovery.DiscoveryClient - [] - []- [] - [] - Saw local status change event StatusChangeEvent [timestamp=1752682034524, current=UP, previous=STARTING]
2025-07-16T23:07:14.525+0700 INFO  c.netflix.discovery.DiscoveryClient - [] - []- [] - [] - DiscoveryClient_ORDER-SV/localhost:order-sv:8082: registering service...
2025-07-16T23:07:14.526+0700 INFO  o.a.coyote.http11.Http11NioProtocol - [] - []- [] - [] - Starting ProtocolHandler ["http-nio-8082"]
2025-07-16T23:07:14.537+0700 INFO  o.s.b.w.e.tomcat.TomcatWebServer - [] - []- [] - [] - Tomcat started on port 8082 (http) with context path '/'
2025-07-16T23:07:14.538+0700 INFO  o.s.c.n.e.s.EurekaAutoServiceRegistration - [] - []- [] - [] - Updating port to 8082
2025-07-16T23:07:14.558+0700 INFO  c.netflix.discovery.DiscoveryClient - [] - []- [] - [] - DiscoveryClient_ORDER-SV/localhost:order-sv:8082 - registration status: 204
2025-07-16T23:07:15.551+0700 INFO  o.s.cloud.commons.util.InetUtils - [] - []- [] - [] - Cannot determine local hostname
2025-07-16T23:07:15.556+0700 INFO  n.d.b.g.s.s.AbstractGrpcServerFactory - [] - []- [] - [] - Registered gRPC service: grpc.health.v1.Health, bean: grpcHealthService, class: io.grpc.protobuf.services.HealthServiceImpl
2025-07-16T23:07:15.559+0700 INFO  n.d.b.g.s.s.AbstractGrpcServerFactory - [] - []- [] - [] - Registered gRPC service: grpc.reflection.v1alpha.ServerReflection, bean: protoReflectionService, class: io.grpc.protobuf.services.ProtoReflectionService
2025-07-16T23:07:15.641+0700 INFO  n.d.b.g.s.s.GrpcServerLifecycle - [] - []- [] - [] - gRPC Server started, listening on address: *, port: 9091
2025-07-16T23:07:15.657+0700 INFO  com.gtel.order.OrderApplication - [] - []- [] - [] - ==================================================
2025-07-16T23:07:15.657+0700 INFO  com.gtel.order.OrderApplication - [] - []- [] - [] - |               GTEL Application                  |
2025-07-16T23:07:15.657+0700 INFO  com.gtel.order.OrderApplication - [] - []- [] - [] - |               Develop by Gtel Team              |
2025-07-16T23:07:15.657+0700 INFO  com.gtel.order.OrderApplication - [] - []- [] - [] - ==================================================
2025-07-16T23:07:15.659+0700 INFO  com.gtel.order.OrderApplication - [] - []- [] - [] - Started OrderApplication in 11.622 seconds (process running for 12.758)
2025-07-16T23:07:15.992+0700 INFO  o.a.c.c.C.[Tomcat].[localhost].[/] - [] - []- [] - [] - Initializing Spring DispatcherServlet 'dispatcherServlet'
2025-07-16T23:07:15.992+0700 INFO  o.s.web.servlet.DispatcherServlet - [] - []- [] - [] - Initializing Servlet 'dispatcherServlet'
2025-07-16T23:07:15.994+0700 INFO  o.s.web.servlet.DispatcherServlet - [] - []- [] - [] - Completed initialization in 2 ms
2025-07-16T23:09:30.088+0700 ERROR o.a.c.c.C.[.[.[.[dispatcherServlet] - [] - []- [] - [] - Servlet.service() for servlet [dispatcherServlet] in context with path [] threw exception
org.springframework.security.authentication.AuthenticationServiceException: I/O error on POST request for "http://192.168.5.51::8080/introspect": Error at index 0 in: ":8080"
	at org.springframework.security.oauth2.server.resource.authentication.OpaqueTokenAuthenticationProvider.getOAuth2AuthenticatedPrincipal(OpaqueTokenAuthenticationProvider.java:131)
	at org.springframework.security.oauth2.server.resource.authentication.OpaqueTokenAuthenticationProvider.authenticate(OpaqueTokenAuthenticationProvider.java:107)
	at org.springframework.security.authentication.ProviderManager.authenticate(ProviderManager.java:182)
	at org.springframework.security.authentication.ObservationAuthenticationManager.lambda$authenticate$1(ObservationAuthenticationManager.java:54)
	at io.micrometer.observation.Observation.observe(Observation.java:564)
	at org.springframework.security.authentication.ObservationAuthenticationManager.authenticate(ObservationAuthenticationManager.java:53)
	at org.springframework.security.oauth2.server.resource.web.authentication.BearerTokenAuthenticationFilter.doFilterInternal(BearerTokenAuthenticationFilter.java:144)
	at org.springframework.web.filter.OncePerRequestFilter.doFilter(OncePerRequestFilter.java:116)
	at org.springframework.security.web.ObservationFilterChainDecorator$ObservationFilter.wrapFilter(ObservationFilterChainDecorator.java:240)
	at org.springframework.security.web.ObservationFilterChainDecorator$ObservationFilter.doFilter(ObservationFilterChainDecorator.java:227)
	at org.springframework.security.web.ObservationFilterChainDecorator$VirtualFilterChain.doFilter(ObservationFilterChainDecorator.java:137)
	at org.springframework.web.filter.CorsFilter.doFilterInternal(CorsFilter.java:91)
	at org.springframework.web.filter.OncePerRequestFilter.doFilter(OncePerRequestFilter.java:116)
	at org.springframework.security.web.ObservationFilterChainDecorator$ObservationFilter.wrapFilter(ObservationFilterChainDecorator.java:240)
	at org.springframework.security.web.ObservationFilterChainDecorator$ObservationFilter.doFilter(ObservationFilterChainDecorator.java:227)
	at org.springframework.security.web.ObservationFilterChainDecorator$VirtualFilterChain.doFilter(ObservationFilterChainDecorator.java:137)
	at org.springframework.security.web.header.HeaderWriterFilter.doHeadersAfter(HeaderWriterFilter.java:90)
	at org.springframework.security.web.header.HeaderWriterFilter.doFilterInternal(HeaderWriterFilter.java:75)
	at org.springframework.web.filter.OncePerRequestFilter.doFilter(OncePerRequestFilter.java:116)
	at org.springframework.security.web.ObservationFilterChainDecorator$ObservationFilter.wrapFilter(ObservationFilterChainDecorator.java:240)
	at org.springframework.security.web.ObservationFilterChainDecorator$ObservationFilter.doFilter(ObservationFilterChainDecorator.java:227)
	at org.springframework.security.web.ObservationFilterChainDecorator$VirtualFilterChain.doFilter(ObservationFilterChainDecorator.java:137)
	at org.springframework.security.web.context.SecurityContextHolderFilter.doFilter(SecurityContextHolderFilter.java:82)
	at org.springframework.security.web.context.SecurityContextHolderFilter.doFilter(SecurityContextHolderFilter.java:69)
	at org.springframework.security.web.ObservationFilterChainDecorator$ObservationFilter.wrapFilter(ObservationFilterChainDecorator.java:240)
	at org.springframework.security.web.ObservationFilterChainDecorator$ObservationFilter.doFilter(ObservationFilterChainDecorator.java:227)
	at org.springframework.security.web.ObservationFilterChainDecorator$VirtualFilterChain.doFilter(ObservationFilterChainDecorator.java:137)
	at org.springframework.security.web.context.request.async.WebAsyncManagerIntegrationFilter.doFilterInternal(WebAsyncManagerIntegrationFilter.java:62)
	at org.springframework.web.filter.OncePerRequestFilter.doFilter(OncePerRequestFilter.java:116)
	at org.springframework.security.web.ObservationFilterChainDecorator$ObservationFilter.wrapFilter(ObservationFilterChainDecorator.java:240)
	at org.springframework.security.web.ObservationFilterChainDecorator$ObservationFilter.doFilter(ObservationFilterChainDecorator.java:227)
	at org.springframework.security.web.ObservationFilterChainDecorator$VirtualFilterChain.doFilter(ObservationFilterChainDecorator.java:137)
	at org.springframework.security.web.session.DisableEncodeUrlFilter.doFilterInternal(DisableEncodeUrlFilter.java:42)
	at org.springframework.web.filter.OncePerRequestFilter.doFilter(OncePerRequestFilter.java:116)
	at org.springframework.security.web.ObservationFilterChainDecorator$ObservationFilter.wrapFilter(ObservationFilterChainDecorator.java:240)
	at org.springframework.security.web.ObservationFilterChainDecorator$AroundFilterObservation$SimpleAroundFilterObservation.lambda$wrap$0(ObservationFilterChainDecorator.java:323)
	at org.springframework.security.web.ObservationFilterChainDecorator$ObservationFilter.doFilter(ObservationFilterChainDecorator.java:224)
	at org.springframework.security.web.ObservationFilterChainDecorator$VirtualFilterChain.doFilter(ObservationFilterChainDecorator.java:137)
	at org.springframework.security.web.FilterChainProxy.doFilterInternal(FilterChainProxy.java:233)
	at org.springframework.security.web.FilterChainProxy.doFilter(FilterChainProxy.java:191)
	at org.springframework.web.filter.CompositeFilter$VirtualFilterChain.doFilter(CompositeFilter.java:113)
	at org.springframework.web.filter.ServletRequestPathFilter.doFilter(ServletRequestPathFilter.java:52)
	at org.springframework.web.filter.CompositeFilter$VirtualFilterChain.doFilter(CompositeFilter.java:113)
	at org.springframework.web.filter.CompositeFilter.doFilter(CompositeFilter.java:74)
	at org.springframework.security.config.annotation.web.configuration.WebSecurityConfiguration$CompositeFilterChainProxy.doFilter(WebSecurityConfiguration.java:319)
	at org.springframework.web.filter.CompositeFilter$VirtualFilterChain.doFilter(CompositeFilter.java:113)
	at org.springframework.web.servlet.handler.HandlerMappingIntrospector.lambda$createCacheFilter$4(HandlerMappingIntrospector.java:267)
	at org.springframework.web.filter.CompositeFilter$VirtualFilterChain.doFilter(CompositeFilter.java:113)
	at org.springframework.web.filter.CompositeFilter.doFilter(CompositeFilter.java:74)
	at org.springframework.security.config.annotation.web.configuration.WebMvcSecurityConfiguration$CompositeFilterChainProxy.doFilter(WebMvcSecurityConfiguration.java:240)
	at org.springframework.web.filter.DelegatingFilterProxy.invokeDelegate(DelegatingFilterProxy.java:362)
	at org.springframework.web.filter.DelegatingFilterProxy.doFilter(DelegatingFilterProxy.java:278)
	at org.apache.catalina.core.ApplicationFilterChain.internalDoFilter(ApplicationFilterChain.java:164)
	at org.apache.catalina.core.ApplicationFilterChain.doFilter(ApplicationFilterChain.java:140)
	at org.springframework.web.filter.RequestContextFilter.doFilterInternal(RequestContextFilter.java:100)
	at org.springframework.web.filter.OncePerRequestFilter.doFilter(OncePerRequestFilter.java:116)
	at org.apache.catalina.core.ApplicationFilterChain.internalDoFilter(ApplicationFilterChain.java:164)
	at org.apache.catalina.core.ApplicationFilterChain.doFilter(ApplicationFilterChain.java:140)
	at org.springframework.web.filter.FormContentFilter.doFilterInternal(FormContentFilter.java:93)
	at org.springframework.web.filter.OncePerRequestFilter.doFilter(OncePerRequestFilter.java:116)
	at org.apache.catalina.core.ApplicationFilterChain.internalDoFilter(ApplicationFilterChain.java:164)
	at org.apache.catalina.core.ApplicationFilterChain.doFilter(ApplicationFilterChain.java:140)
	at org.springframework.web.filter.ServerHttpObservationFilter.doFilterInternal(ServerHttpObservationFilter.java:114)
	at org.springframework.web.filter.OncePerRequestFilter.doFilter(OncePerRequestFilter.java:116)
	at org.apache.catalina.core.ApplicationFilterChain.internalDoFilter(ApplicationFilterChain.java:164)
	at org.apache.catalina.core.ApplicationFilterChain.doFilter(ApplicationFilterChain.java:140)
	at org.springframework.web.filter.CharacterEncodingFilter.doFilterInternal(CharacterEncodingFilter.java:201)
	at org.springframework.web.filter.OncePerRequestFilter.doFilter(OncePerRequestFilter.java:116)
	at org.apache.catalina.core.ApplicationFilterChain.internalDoFilter(ApplicationFilterChain.java:164)
	at org.apache.catalina.core.ApplicationFilterChain.doFilter(ApplicationFilterChain.java:140)
	at org.apache.catalina.core.StandardWrapperValve.invoke(StandardWrapperValve.java:167)
	at org.apache.catalina.core.StandardContextValve.invoke(StandardContextValve.java:90)
	at org.apache.catalina.authenticator.AuthenticatorBase.invoke(AuthenticatorBase.java:483)
	at org.apache.catalina.core.StandardHostValve.invoke(StandardHostValve.java:116)
	at org.apache.catalina.valves.ErrorReportValve.invoke(ErrorReportValve.java:93)
	at org.apache.catalina.core.StandardEngineValve.invoke(StandardEngineValve.java:74)
	at org.apache.catalina.connector.CoyoteAdapter.service(CoyoteAdapter.java:344)
	at org.apache.coyote.http11.Http11Processor.service(Http11Processor.java:398)
	at org.apache.coyote.AbstractProcessorLight.process(AbstractProcessorLight.java:63)
	at org.apache.coyote.AbstractProtocol$ConnectionHandler.process(AbstractProtocol.java:903)
	at org.apache.tomcat.util.net.NioEndpoint$SocketProcessor.doRun(NioEndpoint.java:1769)
	at org.apache.tomcat.util.net.SocketProcessorBase.run(SocketProcessorBase.java:52)
	at org.apache.tomcat.util.threads.ThreadPoolExecutor.runWorker(ThreadPoolExecutor.java:1189)
	at org.apache.tomcat.util.threads.ThreadPoolExecutor$Worker.run(ThreadPoolExecutor.java:658)
	at org.apache.tomcat.util.threads.TaskThread$WrappingRunnable.run(TaskThread.java:63)
	at java.base/java.lang.Thread.run(Thread.java:1583)
Caused by: org.springframework.security.oauth2.server.resource.introspection.OAuth2IntrospectionException: I/O error on POST request for "http://192.168.5.51::8080/introspect": Error at index 0 in: ":8080"
	at org.springframework.security.oauth2.server.resource.introspection.SpringOpaqueTokenIntrospector.makeRequest(SpringOpaqueTokenIntrospector.java:159)
	at org.springframework.security.oauth2.server.resource.introspection.SpringOpaqueTokenIntrospector.introspect(SpringOpaqueTokenIntrospector.java:137)
	at com.gtel.order.configs.CustomAuthoritiesOpaqueTokenIntrospector.introspect(CustomAuthoritiesOpaqueTokenIntrospector.java:26)
	at org.springframework.security.oauth2.server.resource.authentication.OpaqueTokenAuthenticationProvider.getOAuth2AuthenticatedPrincipal(OpaqueTokenAuthenticationProvider.java:124)
	... 85 common frames omitted
Caused by: org.springframework.web.client.ResourceAccessException: I/O error on POST request for "http://192.168.5.51::8080/introspect": Error at index 0 in: ":8080"
	at org.springframework.web.client.RestTemplate.createResourceAccessException(RestTemplate.java:926)
	at org.springframework.web.client.RestTemplate.doExecute(RestTemplate.java:906)
	at org.springframework.web.client.RestTemplate.exchange(RestTemplate.java:751)
	at org.springframework.security.oauth2.server.resource.introspection.SpringOpaqueTokenIntrospector.makeRequest(SpringOpaqueTokenIntrospector.java:156)
	... 88 common frames omitted
Caused by: java.net.MalformedURLException: Error at index 0 in: ":8080"
	at java.base/java.net.URL.<init>(URL.java:806)
	at java.base/java.net.URL.of(URL.java:913)
	at java.base/java.net.URI.toURL(URI.java:1172)
	at org.springframework.http.client.SimpleClientHttpRequestFactory.createRequest(SimpleClientHttpRequestFactory.java:142)
	at org.springframework.http.client.InterceptingClientHttpRequest$InterceptingRequestExecution.execute(InterceptingClientHttpRequest.java:92)
	at org.springframework.http.client.support.BasicAuthenticationInterceptor.intercept(BasicAuthenticationInterceptor.java:79)
	at org.springframework.http.client.InterceptingClientHttpRequest$InterceptingRequestExecution.execute(InterceptingClientHttpRequest.java:88)
	at org.springframework.http.client.InterceptingClientHttpRequest.executeInternal(InterceptingClientHttpRequest.java:72)
	at org.springframework.http.client.AbstractBufferingClientHttpRequest.executeInternal(AbstractBufferingClientHttpRequest.java:48)
	at org.springframework.http.client.AbstractClientHttpRequest.execute(AbstractClientHttpRequest.java:81)
	at org.springframework.web.client.RestTemplate.doExecute(RestTemplate.java:900)
	... 90 common frames omitted
Caused by: java.lang.NumberFormatException: Error at index 0 in: ":8080"
	at java.base/java.lang.NumberFormatException.forCharSequence(NumberFormatException.java:83)
	at java.base/java.lang.Integer.parseInt(Integer.java:743)
	at java.base/java.net.URLStreamHandler.parseURL(URLStreamHandler.java:236)
	at java.base/java.net.URL.<init>(URL.java:801)
	... 100 common frames omitted
2025-07-16T23:10:00.546+0700 INFO  o.s.c.n.e.s.EurekaServiceRegistry - [] - []- [] - [] - Unregistering application ORDER-SV with eureka with status DOWN
2025-07-16T23:10:00.546+0700 INFO  c.netflix.discovery.DiscoveryClient - [] - []- [] - [] - Saw local status change event StatusChangeEvent [timestamp=1752682200546, current=DOWN, previous=UP]
2025-07-16T23:10:00.546+0700 INFO  c.netflix.discovery.DiscoveryClient - [] - []- [] - [] - DiscoveryClient_ORDER-SV/localhost:order-sv:8082: registering service...
2025-07-16T23:10:00.557+0700 INFO  n.d.b.g.s.s.GrpcServerLifecycle - [] - []- [] - [] - Completed gRPC server shutdown
2025-07-16T23:10:00.559+0700 INFO  o.s.b.w.e.tomcat.GracefulShutdown - [] - []- [] - [] - Commencing graceful shutdown. Waiting for active requests to complete
2025-07-16T23:10:00.569+0700 INFO  c.netflix.discovery.DiscoveryClient - [] - []- [] - [] - DiscoveryClient_ORDER-SV/localhost:order-sv:8082 - registration status: 204
2025-07-16T23:10:00.574+0700 INFO  o.s.b.w.e.tomcat.GracefulShutdown - [] - []- [] - [] - Graceful shutdown complete
2025-07-16T23:10:00.608+0700 INFO  o.s.o.j.LocalContainerEntityManagerFactoryBean - [] - []- [] - [] - Closing JPA EntityManagerFactory for persistence unit 'default'
2025-07-16T23:10:00.609+0700 INFO  com.zaxxer.hikari.HikariDataSource - [] - []- [] - [] - HikariPool-1 - Shutdown initiated...
2025-07-16T23:10:00.619+0700 INFO  com.zaxxer.hikari.HikariDataSource - [] - []- [] - [] - HikariPool-1 - Shutdown completed.
2025-07-16T23:10:00.620+0700 INFO  c.netflix.discovery.DiscoveryClient - [] - []- [] - [] - Shutting down DiscoveryClient ...
2025-07-16T23:10:05.480+0700 INFO  com.gtel.order.OrderApplication - [] - []- [] - [] - Starting OrderApplication using Java 21.0.6 with PID 39880 (E:\MICROSERVICE TUTORIAL\order\target\classes started by Vuanh in E:\MICROSERVICE TUTORIAL\order)
2025-07-16T23:10:05.481+0700 INFO  com.gtel.order.OrderApplication - [] - []- [] - [] - No active profile set, falling back to 1 default profile: "default"
2025-07-16T23:10:06.184+0700 INFO  o.s.d.r.c.RepositoryConfigurationDelegate - [] - []- [] - [] - Multiple Spring Data modules found, entering strict repository configuration mode
2025-07-16T23:10:06.184+0700 INFO  o.s.d.r.c.RepositoryConfigurationDelegate - [] - []- [] - [] - Bootstrapping Spring Data Redis repositories in DEFAULT mode.
2025-07-16T23:10:06.212+0700 INFO  o.s.d.r.c.RepositoryConfigurationDelegate - [] - []- [] - [] - Finished Spring Data repository scanning in 5 ms. Found 0 Redis repository interfaces.
2025-07-16T23:10:06.833+0700 INFO  o.s.d.r.c.RepositoryConfigurationDelegate - [] - []- [] - [] - Multiple Spring Data modules found, entering strict repository configuration mode
2025-07-16T23:10:06.834+0700 INFO  o.s.d.r.c.RepositoryConfigurationDelegate - [] - []- [] - [] - Bootstrapping Spring Data JPA repositories in DEFAULT mode.
2025-07-16T23:10:06.846+0700 INFO  o.s.d.r.c.RepositoryConfigurationDelegate - [] - []- [] - [] - Finished Spring Data repository scanning in 6 ms. Found 0 JPA repository interfaces.
2025-07-16T23:10:06.850+0700 INFO  o.s.d.r.c.RepositoryConfigurationDelegate - [] - []- [] - [] - Multiple Spring Data modules found, entering strict repository configuration mode
2025-07-16T23:10:06.850+0700 INFO  o.s.d.r.c.RepositoryConfigurationDelegate - [] - []- [] - [] - Bootstrapping Spring Data Redis repositories in DEFAULT mode.
2025-07-16T23:10:06.855+0700 INFO  o.s.d.r.c.RepositoryConfigurationDelegate - [] - []- [] - [] - Finished Spring Data repository scanning in 2 ms. Found 0 Redis repository interfaces.
2025-07-16T23:10:07.033+0700 INFO  o.s.cloud.context.scope.GenericScope - [] - []- [] - [] - BeanFactory id=e63d9d17-c7a9-34d1-a3dd-6ee35b09e62f
2025-07-16T23:10:07.638+0700 INFO  o.s.b.w.e.tomcat.TomcatWebServer - [] - []- [] - [] - Tomcat initialized with port 8082 (http)
2025-07-16T23:10:07.650+0700 INFO  o.a.coyote.http11.Http11NioProtocol - [] - []- [] - [] - Initializing ProtocolHandler ["http-nio-8082"]
2025-07-16T23:10:07.652+0700 INFO  o.a.catalina.core.StandardService - [] - []- [] - [] - Starting service [Tomcat]
2025-07-16T23:10:07.652+0700 INFO  o.a.catalina.core.StandardEngine - [] - []- [] - [] - Starting Servlet engine: [Apache Tomcat/10.1.42]
2025-07-16T23:10:07.718+0700 INFO  o.a.c.c.C.[Tomcat].[localhost].[/] - [] - []- [] - [] - Initializing Spring embedded WebApplicationContext
2025-07-16T23:10:07.718+0700 INFO  o.s.b.w.s.c.ServletWebServerApplicationContext - [] - []- [] - [] - Root WebApplicationContext: initialization completed in 2197 ms
2025-07-16T23:10:08.117+0700 INFO  com.zaxxer.hikari.HikariDataSource - [] - []- [] - [] - HikariPool-1 - Starting...
2025-07-16T23:10:08.404+0700 INFO  com.zaxxer.hikari.pool.HikariPool - [] - []- [] - [] - HikariPool-1 - Added connection org.postgresql.jdbc.PgConnection@41f61188
2025-07-16T23:10:08.407+0700 INFO  com.zaxxer.hikari.HikariDataSource - [] - []- [] - [] - HikariPool-1 - Start completed.
2025-07-16T23:10:08.444+0700 INFO  o.h.jpa.internal.util.LogHelper - [] - []- [] - [] - HHH000204: Processing PersistenceUnitInfo [name: default]
2025-07-16T23:10:08.498+0700 INFO  org.hibernate.Version - [] - []- [] - [] - HHH000412: Hibernate ORM core version 6.6.18.Final
2025-07-16T23:10:08.533+0700 INFO  o.h.c.i.RegionFactoryInitiator - [] - []- [] - [] - HHH000026: Second-level cache disabled
2025-07-16T23:10:08.841+0700 INFO  o.s.o.j.p.SpringPersistenceUnitInfo - [] - []- [] - [] - No LoadTimeWeaver setup: ignoring JPA class transformer
2025-07-16T23:10:08.924+0700 INFO  o.hibernate.orm.connections.pooling - [] - []- [] - [] - HHH10001005: Database info:
	Database JDBC URL [Connecting through datasource 'HikariDataSource (HikariPool-1)']
	Database driver: undefined/unknown
	Database version: 15.13
	Autocommit mode: undefined/unknown
	Isolation level: undefined/unknown
	Minimum pool size: undefined/unknown
	Maximum pool size: undefined/unknown
2025-07-16T23:10:09.269+0700 INFO  o.h.e.t.j.p.i.JtaPlatformInitiator - [] - []- [] - [] - HHH000489: No JTA platform available (set 'hibernate.transaction.jta.platform' to enable JTA platform integration)
2025-07-16T23:10:09.275+0700 INFO  o.s.o.j.LocalContainerEntityManagerFactoryBean - [] - []- [] - [] - Initialized JPA EntityManagerFactory for persistence unit 'default'
2025-07-16T23:10:10.332+0700 INFO  o.s.cloud.commons.util.InetUtils - [] - []- [] - [] - Cannot determine local hostname
2025-07-16T23:10:10.401+0700 INFO  n.d.b.g.c.a.GrpcClientAutoConfiguration - [] - []- [] - [] - Detected grpc-netty-shaded: Creating ShadedNettyChannelFactory + InProcessChannelFactory
2025-07-16T23:10:10.936+0700 INFO  org.redisson.Version - [] - []- [] - [] - Redisson 3.27.2
2025-07-16T23:10:11.218+0700 INFO  o.r.connection.ConnectionsHolder - [] - []- [] - [] - 1 connections initialized for 192.168.5.71/192.168.5.71:6379
2025-07-16T23:10:11.290+0700 INFO  o.r.connection.ConnectionsHolder - [] - []- [] - [] - 24 connections initialized for 192.168.5.71/192.168.5.71:6379
2025-07-16T23:10:11.516+0700 WARN  o.s.b.a.o.j.JpaBaseConfiguration$JpaWebConfiguration - [] - []- [] - [] - spring.jpa.open-in-view is enabled by default. Therefore, database queries may be performed during view rendering. Explicitly configure spring.jpa.open-in-view to disable this warning
2025-07-16T23:10:12.798+0700 INFO  o.s.cloud.commons.util.InetUtils - [] - []- [] - [] - Cannot determine local hostname
2025-07-16T23:10:13.017+0700 INFO  o.s.b.a.e.web.EndpointLinksResolver - [] - []- [] - [] - Exposing 1 endpoint beneath base path '/actuator'
2025-07-16T23:10:13.336+0700 INFO  o.s.v.b.OptionalValidatorFactoryBean - [] - []- [] - [] - Failed to set up a Bean Validation provider: jakarta.validation.NoProviderFoundException: Unable to create a Configuration, because no Jakarta Bean Validation provider could be found. Add a provider like Hibernate Validator (RI) to your classpath.
2025-07-16T23:10:13.467+0700 INFO  o.s.c.n.e.c.DiscoveryClientOptionalArgsConfiguration - [] - []- [] - [] - Eureka HTTP Client uses RestTemplate.
2025-07-16T23:10:13.505+0700 INFO  n.d.b.g.s.a.GrpcServerFactoryAutoConfiguration - [] - []- [] - [] - Detected grpc-netty-shaded: Creating ShadedNettyGrpcServerFactory
2025-07-16T23:10:13.996+0700 INFO  o.s.w.s.a.s.AnnotationActionEndpointMapping - [] - []- [] - [] - Supporting [WS-Addressing August 2004, WS-Addressing 1.0]
2025-07-16T23:10:14.059+0700 WARN  o.s.c.l.c.LoadBalancerCacheAutoConfiguration$LoadBalancerCaffeineWarnLogger - [] - []- [] - [] - Spring Cloud LoadBalancer is currently working with the default cache. While this cache implementation is useful for development and tests, it's recommended to use Caffeine cache in production.You can switch to using Caffeine cache, by adding it and org.springframework.cache.caffeine.CaffeineCacheManager to the classpath.
2025-07-16T23:10:14.149+0700 INFO  o.s.c.n.eureka.InstanceInfoFactory - [] - []- [] - [] - Setting initial instance status as: STARTING
2025-07-16T23:10:14.171+0700 INFO  c.netflix.discovery.DiscoveryClient - [] - []- [] - [] - Initializing Eureka in region us-east-1
2025-07-16T23:10:14.174+0700 INFO  c.n.d.s.r.aws.ConfigClusterResolver - [] - []- [] - [] - Resolving eureka endpoints via configuration
2025-07-16T23:10:14.182+0700 INFO  c.netflix.discovery.DiscoveryClient - [] - []- [] - [] - Disable delta property : false
2025-07-16T23:10:14.183+0700 INFO  c.netflix.discovery.DiscoveryClient - [] - []- [] - [] - Single vip registry refresh property : null
2025-07-16T23:10:14.183+0700 INFO  c.netflix.discovery.DiscoveryClient - [] - []- [] - [] - Force full registry fetch : false
2025-07-16T23:10:14.183+0700 INFO  c.netflix.discovery.DiscoveryClient - [] - []- [] - [] - Application is null : false
2025-07-16T23:10:14.183+0700 INFO  c.netflix.discovery.DiscoveryClient - [] - []- [] - [] - Registered Applications size is zero : true
2025-07-16T23:10:14.183+0700 INFO  c.netflix.discovery.DiscoveryClient - [] - []- [] - [] - Application version is -1: true
2025-07-16T23:10:14.183+0700 INFO  c.netflix.discovery.DiscoveryClient - [] - []- [] - [] - Getting all instance registry info from the eureka server
2025-07-16T23:10:14.494+0700 INFO  c.netflix.discovery.DiscoveryClient - [] - []- [] - [] - The response status is 200
2025-07-16T23:10:14.496+0700 INFO  c.netflix.discovery.DiscoveryClient - [] - []- [] - [] - Starting heartbeat executor: renew interval is: 30
2025-07-16T23:10:14.498+0700 INFO  c.n.discovery.InstanceInfoReplicator - [] - []- [] - [] - InstanceInfoReplicator onDemand update allowed rate per min is 4
2025-07-16T23:10:14.499+0700 INFO  c.netflix.discovery.DiscoveryClient - [] - []- [] - [] - Discovery Client initialized at timestamp 1752682214499 with initial instances count: 2
2025-07-16T23:10:14.503+0700 INFO  o.s.c.n.e.s.EurekaServiceRegistry - [] - []- [] - [] - Registering application ORDER-SV with eureka with status UP
2025-07-16T23:10:14.504+0700 INFO  c.netflix.discovery.DiscoveryClient - [] - []- [] - [] - Saw local status change event StatusChangeEvent [timestamp=1752682214504, current=UP, previous=STARTING]
2025-07-16T23:10:14.506+0700 INFO  c.netflix.discovery.DiscoveryClient - [] - []- [] - [] - DiscoveryClient_ORDER-SV/localhost:order-sv:8082: registering service...
2025-07-16T23:10:14.506+0700 INFO  o.a.coyote.http11.Http11NioProtocol - [] - []- [] - [] - Starting ProtocolHandler ["http-nio-8082"]
2025-07-16T23:10:14.517+0700 INFO  o.s.b.w.e.tomcat.TomcatWebServer - [] - []- [] - [] - Tomcat started on port 8082 (http) with context path '/'
2025-07-16T23:10:14.519+0700 INFO  o.s.c.n.e.s.EurekaAutoServiceRegistration - [] - []- [] - [] - Updating port to 8082
2025-07-16T23:10:14.543+0700 INFO  c.netflix.discovery.DiscoveryClient - [] - []- [] - [] - DiscoveryClient_ORDER-SV/localhost:order-sv:8082 - registration status: 204
2025-07-16T23:10:15.534+0700 INFO  o.s.cloud.commons.util.InetUtils - [] - []- [] - [] - Cannot determine local hostname
2025-07-16T23:10:15.540+0700 INFO  n.d.b.g.s.s.AbstractGrpcServerFactory - [] - []- [] - [] - Registered gRPC service: grpc.health.v1.Health, bean: grpcHealthService, class: io.grpc.protobuf.services.HealthServiceImpl
2025-07-16T23:10:15.541+0700 INFO  n.d.b.g.s.s.AbstractGrpcServerFactory - [] - []- [] - [] - Registered gRPC service: grpc.reflection.v1alpha.ServerReflection, bean: protoReflectionService, class: io.grpc.protobuf.services.ProtoReflectionService
2025-07-16T23:10:15.633+0700 INFO  n.d.b.g.s.s.GrpcServerLifecycle - [] - []- [] - [] - gRPC Server started, listening on address: *, port: 9091
2025-07-16T23:10:15.652+0700 INFO  com.gtel.order.OrderApplication - [] - []- [] - [] - ==================================================
2025-07-16T23:10:15.652+0700 INFO  com.gtel.order.OrderApplication - [] - []- [] - [] - |               GTEL Application                  |
2025-07-16T23:10:15.652+0700 INFO  com.gtel.order.OrderApplication - [] - []- [] - [] - |               Develop by Gtel Team              |
2025-07-16T23:10:15.652+0700 INFO  com.gtel.order.OrderApplication - [] - []- [] - [] - ==================================================
2025-07-16T23:10:15.653+0700 INFO  com.gtel.order.OrderApplication - [] - []- [] - [] - Started OrderApplication in 11.766 seconds (process running for 12.835)
2025-07-16T23:10:15.826+0700 INFO  o.a.c.c.C.[Tomcat].[localhost].[/] - [] - []- [] - [] - Initializing Spring DispatcherServlet 'dispatcherServlet'
2025-07-16T23:10:15.827+0700 INFO  o.s.web.servlet.DispatcherServlet - [] - []- [] - [] - Initializing Servlet 'dispatcherServlet'
2025-07-16T23:10:15.831+0700 INFO  o.s.web.servlet.DispatcherServlet - [] - []- [] - [] - Completed initialization in 4 ms
2025-07-16T23:10:33.053+0700 INFO  c.gtel.order.grpc.ProductGrpcClient - [6877cef990ebc08d02369d5ab5c17e7c] - [a93e2b5c514a75ef]- [] - [] - get product info error
2025-07-16T23:13:02.111+0700 INFO  o.s.c.n.e.s.EurekaServiceRegistry - [] - []- [] - [] - Unregistering application ORDER-SV with eureka with status DOWN
2025-07-16T23:13:02.111+0700 INFO  c.netflix.discovery.DiscoveryClient - [] - []- [] - [] - Saw local status change event StatusChangeEvent [timestamp=1752682382111, current=DOWN, previous=UP]
2025-07-16T23:13:02.111+0700 INFO  c.netflix.discovery.DiscoveryClient - [] - []- [] - [] - DiscoveryClient_ORDER-SV/localhost:order-sv:8082: registering service...
2025-07-16T23:13:02.119+0700 INFO  n.d.b.g.s.s.GrpcServerLifecycle - [] - []- [] - [] - Completed gRPC server shutdown
2025-07-16T23:13:02.121+0700 INFO  o.s.b.w.e.tomcat.GracefulShutdown - [] - []- [] - [] - Commencing graceful shutdown. Waiting for active requests to complete
2025-07-16T23:13:02.132+0700 INFO  o.s.b.w.e.tomcat.GracefulShutdown - [] - []- [] - [] - Graceful shutdown complete
2025-07-16T23:13:02.136+0700 INFO  c.netflix.discovery.DiscoveryClient - [] - []- [] - [] - DiscoveryClient_ORDER-SV/localhost:order-sv:8082 - registration status: 204
2025-07-16T23:13:02.169+0700 INFO  o.s.o.j.LocalContainerEntityManagerFactoryBean - [] - []- [] - [] - Closing JPA EntityManagerFactory for persistence unit 'default'
2025-07-16T23:13:02.171+0700 INFO  com.zaxxer.hikari.HikariDataSource - [] - []- [] - [] - HikariPool-1 - Shutdown initiated...
2025-07-16T23:13:02.179+0700 INFO  com.zaxxer.hikari.HikariDataSource - [] - []- [] - [] - HikariPool-1 - Shutdown completed.
2025-07-16T23:13:02.180+0700 INFO  c.netflix.discovery.DiscoveryClient - [] - []- [] - [] - Shutting down DiscoveryClient ...
